{"timestamp": "2025-09-20 22:41:35,029", "level": "INFO", "logger": "middleware", "message": "Request: POST /api/users/login/"}
{"timestamp": "2025-09-20 22:41:35,746", "level": "INFO", "logger": "middleware", "message": "Response: 200 for POST /api/users/login/"}
{"timestamp": "2025-09-20 22:41:35,780", "level": "INFO", "logger": "middleware", "message": "Request: GET /api/courses/my_courses/"}
{"timestamp": "2025-09-20 22:41:35,840", "level": "INFO", "logger": "middleware", "message": "Response: 200 for GET /api/courses/my_courses/"}
{"timestamp": "2025-09-20 22:41:35,857", "level": "INFO", "logger": "middleware", "message": "Request: GET /api/courses/my_courses/"}
{"timestamp": "2025-09-20 22:41:35,919", "level": "INFO", "logger": "middleware", "message": "Response: 200 for GET /api/courses/my_courses/"}
{"timestamp": "2025-09-20 22:41:35,933", "level": "INFO", "logger": "middleware", "message": "Request: GET /api/courses/my_courses/"}
{"timestamp": "2025-09-20 22:41:35,948", "level": "INFO", "logger": "middleware", "message": "Request: GET /api/users/role_summary/"}
{"timestamp": "2025-09-20 22:41:36,002", "level": "INFO", "logger": "middleware", "message": "Response: 200 for GET /api/users/role_summary/"}
{"timestamp": "2025-09-20 22:41:36,025", "level": "INFO", "logger": "middleware", "message": "Request: GET /api/users/role_summary/"}
{"timestamp": "2025-09-20 22:41:36,033", "level": "INFO", "logger": "middleware", "message": "Response: 200 for GET /api/courses/my_courses/"}
{"timestamp": "2025-09-20 22:41:36,061", "level": "INFO", "logger": "middleware", "message": "Response: 200 for GET /api/users/role_summary/"}
{"timestamp": "2025-09-20 22:41:44,964", "level": "INFO", "logger": "middleware", "message": "Request: GET /api/forum/conversations/"}
{"timestamp": "2025-09-20 22:41:45,001", "level": "INFO", "logger": "middleware", "message": "Response: 200 for GET /api/forum/conversations/"}
{"timestamp": "2025-09-20 22:41:45,016", "level": "INFO", "logger": "middleware", "message": "Request: GET /api/forum/conversations/"}
{"timestamp": "2025-09-20 22:41:45,033", "level": "INFO", "logger": "middleware", "message": "Response: 200 for GET /api/forum/conversations/"}
{"timestamp": "2025-09-20 22:42:08,308", "level": "INFO", "logger": "middleware", "message": "Request: GET /api/users/me/"}
{"timestamp": "2025-09-20 22:42:08,324", "level": "INFO", "logger": "middleware", "message": "Response: 200 for GET /api/users/me/"}
{"timestamp": "2025-09-20 22:42:08,338", "level": "INFO", "logger": "middleware", "message": "Request: GET /api/users/me/"}
{"timestamp": "2025-09-20 22:42:08,359", "level": "INFO", "logger": "middleware", "message": "Response: 200 for GET /api/users/me/"}
{"timestamp": "2025-09-20 22:42:08,368", "level": "INFO", "logger": "middleware", "message": "Request: GET /api/courses/my_courses/"}
{"timestamp": "2025-09-20 22:42:08,421", "level": "INFO", "logger": "middleware", "message": "Response: 200 for GET /api/courses/my_courses/"}
{"timestamp": "2025-09-20 22:42:11,071", "level": "INFO", "logger": "middleware", "message": "Request: POST /api/users/login/"}
{"timestamp": "2025-09-20 22:42:11,444", "level": "INFO", "logger": "middleware", "message": "Response: 200 for POST /api/users/login/"}
{"timestamp": "2025-09-20 22:42:11,503", "level": "INFO", "logger": "middleware", "message": "Request: GET /api/courses/my_courses/"}
{"timestamp": "2025-09-20 22:42:11,557", "level": "INFO", "logger": "middleware", "message": "Response: 200 for GET /api/courses/my_courses/"}
{"timestamp": "2025-09-20 22:42:11,572", "level": "INFO", "logger": "middleware", "message": "Request: GET /api/courses/my_courses/"}
{"timestamp": "2025-09-20 22:42:11,587", "level": "INFO", "logger": "middleware", "message": "Request: GET /api/users/role_summary/"}
{"timestamp": "2025-09-20 22:42:11,625", "level": "INFO", "logger": "middleware", "message": "Response: 200 for GET /api/users/role_summary/"}
{"timestamp": "2025-09-20 22:42:11,649", "level": "INFO", "logger": "middleware", "message": "Request: GET /api/users/role_summary/"}
{"timestamp": "2025-09-20 22:42:11,671", "level": "INFO", "logger": "middleware", "message": "Response: 200 for GET /api/courses/my_courses/"}
{"timestamp": "2025-09-20 22:42:11,685", "level": "INFO", "logger": "middleware", "message": "Response: 200 for GET /api/users/role_summary/"}
{"timestamp": "2025-09-20 22:43:19,833", "level": "INFO", "logger": "middleware", "message": "Request: POST /api/users/login/"}
{"timestamp": "2025-09-20 22:43:20,205", "level": "INFO", "logger": "middleware", "message": "Response: 200 for POST /api/users/login/"}
{"timestamp": "2025-09-20 22:43:20,272", "level": "INFO", "logger": "middleware", "message": "Request: GET /api/courses/my_courses/"}
{"timestamp": "2025-09-20 22:43:20,275", "level": "INFO", "logger": "middleware", "message": "Request: GET /api/courses/"}
{"timestamp": "2025-09-20 22:43:20,358", "level": "INFO", "logger": "middleware", "message": "Response: 200 for GET /api/courses/my_courses/"}
{"timestamp": "2025-09-20 22:43:20,362", "level": "INFO", "logger": "middleware", "message": "Response: 500 for GET /api/courses/"}
{"timestamp": "2025-09-20 22:43:20,374", "level": "INFO", "logger": "middleware", "message": "Request: GET /api/courses/my_courses/"}
{"timestamp": "2025-09-20 22:43:20,428", "level": "INFO", "logger": "middleware", "message": "Response: 200 for GET /api/courses/my_courses/"}
{"timestamp": "2025-09-20 22:43:20,452", "level": "INFO", "logger": "middleware", "message": "Request: GET /api/courses/my_courses/"}
{"timestamp": "2025-09-20 22:43:20,515", "level": "INFO", "logger": "middleware", "message": "Request: GET /api/courses/"}
{"timestamp": "2025-09-20 22:43:20,517", "level": "INFO", "logger": "middleware", "message": "Response: 200 for GET /api/courses/my_courses/"}
{"timestamp": "2025-09-20 22:43:20,536", "level": "INFO", "logger": "middleware", "message": "Response: 500 for GET /api/courses/"}
{"timestamp": "2025-09-20 22:43:20,552", "level": "INFO", "logger": "middleware", "message": "Request: GET /api/users/role_summary/"}
{"timestamp": "2025-09-20 22:43:20,561", "level": "INFO", "logger": "middleware", "message": "Request: GET /api/courses/"}
{"timestamp": "2025-09-20 22:43:20,590", "level": "INFO", "logger": "middleware", "message": "Response: 500 for GET /api/courses/"}
{"timestamp": "2025-09-20 22:43:20,597", "level": "INFO", "logger": "middleware", "message": "Response: 200 for GET /api/users/role_summary/"}
{"timestamp": "2025-09-20 22:43:20,630", "level": "INFO", "logger": "middleware", "message": "Request: GET /api/users/role_summary/"}
{"timestamp": "2025-09-20 22:43:20,653", "level": "INFO", "logger": "middleware", "message": "Response: 200 for GET /api/users/role_summary/"}
{"timestamp": "2025-09-20 22:43:44,578", "level": "INFO", "logger": "middleware", "message": "Request: GET /api/forum/conversations/"}
{"timestamp": "2025-09-20 22:43:44,595", "level": "INFO", "logger": "middleware", "message": "Response: 200 for GET /api/forum/conversations/"}
{"timestamp": "2025-09-20 22:43:44,609", "level": "INFO", "logger": "middleware", "message": "Request: GET /api/forum/conversations/"}
{"timestamp": "2025-09-20 22:43:44,624", "level": "INFO", "logger": "middleware", "message": "Response: 200 for GET /api/forum/conversations/"}
{"timestamp": "2025-09-20 22:49:26,294", "level": "INFO", "logger": "middleware", "message": "Request: GET /api/users/me/"}
{"timestamp": "2025-09-20 22:49:26,309", "level": "INFO", "logger": "middleware", "message": "Response: 200 for GET /api/users/me/"}
{"timestamp": "2025-09-20 22:49:26,322", "level": "INFO", "logger": "middleware", "message": "Request: GET /api/users/me/"}
{"timestamp": "2025-09-20 22:49:26,336", "level": "INFO", "logger": "middleware", "message": "Response: 200 for GET /api/users/me/"}
{"timestamp": "2025-09-20 22:49:26,343", "level": "INFO", "logger": "middleware", "message": "Request: GET /api/courses/"}
{"timestamp": "2025-09-20 22:49:26,356", "level": "INFO", "logger": "middleware", "message": "Request: GET /api/courses/my_courses/"}
{"timestamp": "2025-09-20 22:49:26,376", "level": "INFO", "logger": "middleware", "message": "Response: 500 for GET /api/courses/"}
{"timestamp": "2025-09-20 22:49:26,421", "level": "INFO", "logger": "middleware", "message": "Response: 200 for GET /api/courses/my_courses/"}
{"timestamp": "2025-09-20 23:13:26,611", "level": "INFO", "logger": "middleware", "message": "Request: GET /api/users/me/"}
{"timestamp": "2025-09-20 23:13:26,628", "level": "INFO", "logger": "middleware", "message": "Response: 200 for GET /api/users/me/"}
{"timestamp": "2025-09-20 23:13:26,643", "level": "INFO", "logger": "middleware", "message": "Request: GET /api/users/me/"}
{"timestamp": "2025-09-20 23:13:26,658", "level": "INFO", "logger": "middleware", "message": "Response: 200 for GET /api/users/me/"}
{"timestamp": "2025-09-20 23:13:26,672", "level": "INFO", "logger": "middleware", "message": "Request: GET /api/courses/"}
{"timestamp": "2025-09-20 23:13:26,688", "level": "INFO", "logger": "middleware", "message": "Response: 500 for GET /api/courses/"}
{"timestamp": "2025-09-20 23:13:26,707", "level": "INFO", "logger": "middleware", "message": "Request: GET /api/courses/my_courses/"}
{"timestamp": "2025-09-20 23:13:26,758", "level": "INFO", "logger": "middleware", "message": "Response: 200 for GET /api/courses/my_courses/"}
{"timestamp": "2025-09-21 06:53:29,802", "level": "INFO", "logger": "middleware", "message": "Request: GET /api/users/me/"}
{"timestamp": "2025-09-21 06:53:29,814", "level": "INFO", "logger": "middleware", "message": "Response: 401 for GET /api/users/me/"}
{"timestamp": "2025-09-21 06:53:29,829", "level": "INFO", "logger": "middleware", "message": "Request: GET /api/users/me/"}
{"timestamp": "2025-09-21 06:53:29,846", "level": "INFO", "logger": "middleware", "message": "Response: 401 for GET /api/users/me/"}
{"timestamp": "2025-09-21 06:53:29,858", "level": "INFO", "logger": "middleware", "message": "Request: POST /api/users/refresh/"}
{"timestamp": "2025-09-21 06:53:29,871", "level": "INFO", "logger": "middleware", "message": "Request: POST /api/users/refresh/"}
{"timestamp": "2025-09-21 06:53:29,874", "level": "INFO", "logger": "middleware", "message": "Response: 401 for POST /api/users/refresh/"}
{"timestamp": "2025-09-21 06:53:29,889", "level": "INFO", "logger": "middleware", "message": "Response: 401 for POST /api/users/refresh/"}
{"timestamp": "2025-09-21 16:08:56,856", "level": "INFO", "logger": "middleware", "message": "Request: GET /api/users/me/"}
{"timestamp": "2025-09-21 16:08:57,213", "level": "INFO", "logger": "middleware", "message": "Response: 401 for GET /api/users/me/"}
{"timestamp": "2025-09-21 16:08:57,233", "level": "INFO", "logger": "middleware", "message": "Request: GET /api/users/me/"}
{"timestamp": "2025-09-21 16:08:57,248", "level": "INFO", "logger": "middleware", "message": "Response: 401 for GET /api/users/me/"}
{"timestamp": "2025-09-21 16:08:57,257", "level": "INFO", "logger": "middleware", "message": "Request: POST /api/users/refresh/"}
{"timestamp": "2025-09-21 16:08:57,268", "level": "INFO", "logger": "middleware", "message": "Request: POST /api/users/refresh/"}
{"timestamp": "2025-09-21 16:08:57,270", "level": "INFO", "logger": "middleware", "message": "Response: 401 for POST /api/users/refresh/"}
{"timestamp": "2025-09-21 16:08:57,281", "level": "INFO", "logger": "middleware", "message": "Response: 401 for POST /api/users/refresh/"}
{"timestamp": "2025-09-21 16:09:11,493", "level": "INFO", "logger": "middleware", "message": "Request: POST /api/users/login/"}
{"timestamp": "2025-09-21 16:09:11,882", "level": "INFO", "logger": "middleware", "message": "Response: 200 for POST /api/users/login/"}
{"timestamp": "2025-09-21 16:09:11,950", "level": "INFO", "logger": "middleware", "message": "Request: GET /api/courses/"}
{"timestamp": "2025-09-21 16:09:11,957", "level": "INFO", "logger": "middleware", "message": "Request: GET /api/courses/my_courses/"}
{"timestamp": "2025-09-21 16:09:12,007", "level": "INFO", "logger": "middleware", "message": "Response: 500 for GET /api/courses/"}
{"timestamp": "2025-09-21 16:09:12,047", "level": "INFO", "logger": "middleware", "message": "Response: 200 for GET /api/courses/my_courses/"}
{"timestamp": "2025-09-21 16:09:12,063", "level": "INFO", "logger": "middleware", "message": "Request: GET /api/courses/my_courses/"}
{"timestamp": "2025-09-21 16:09:12,116", "level": "INFO", "logger": "middleware", "message": "Response: 200 for GET /api/courses/my_courses/"}
{"timestamp": "2025-09-21 16:09:12,167", "level": "INFO", "logger": "middleware", "message": "Request: GET /api/courses/my_courses/"}
{"timestamp": "2025-09-21 16:09:12,198", "level": "INFO", "logger": "middleware", "message": "Request: GET /api/courses/"}
{"timestamp": "2025-09-21 16:09:12,206", "level": "INFO", "logger": "middleware", "message": "Request: GET /api/users/role_summary/"}
{"timestamp": "2025-09-21 16:09:12,257", "level": "INFO", "logger": "middleware", "message": "Response: 500 for GET /api/courses/"}
{"timestamp": "2025-09-21 16:09:12,278", "level": "INFO", "logger": "middleware", "message": "Response: 200 for GET /api/users/role_summary/"}
{"timestamp": "2025-09-21 16:09:12,284", "level": "INFO", "logger": "middleware", "message": "Request: GET /api/courses/"}
{"timestamp": "2025-09-21 16:09:12,296", "level": "INFO", "logger": "middleware", "message": "Response: 200 for GET /api/courses/my_courses/"}
{"timestamp": "2025-09-21 16:09:12,312", "level": "INFO", "logger": "middleware", "message": "Request: GET /api/users/role_summary/"}
{"timestamp": "2025-09-21 16:09:12,315", "level": "INFO", "logger": "middleware", "message": "Response: 500 for GET /api/courses/"}
{"timestamp": "2025-09-21 16:09:12,337", "level": "INFO", "logger": "middleware", "message": "Response: 200 for GET /api/users/role_summary/"}
{"timestamp": "2025-09-21 16:10:16,773", "level": "INFO", "logger": "middleware", "message": "Request: GET /api/forum/conversations/"}
{"timestamp": "2025-09-21 16:10:16,805", "level": "INFO", "logger": "middleware", "message": "Response: 200 for GET /api/forum/conversations/"}
{"timestamp": "2025-09-21 16:10:16,819", "level": "INFO", "logger": "middleware", "message": "Request: GET /api/forum/conversations/"}
{"timestamp": "2025-09-21 16:10:16,835", "level": "INFO", "logger": "middleware", "message": "Response: 200 for GET /api/forum/conversations/"}
{"timestamp": "2025-09-21 16:11:39,482", "level": "INFO", "logger": "middleware", "message": "Request: GET /api/users/me/"}
{"timestamp": "2025-09-21 16:11:39,519", "level": "INFO", "logger": "middleware", "message": "Response: 200 for GET /api/users/me/"}
{"timestamp": "2025-09-21 16:11:39,550", "level": "INFO", "logger": "middleware", "message": "Request: GET /api/users/me/"}
{"timestamp": "2025-09-21 16:11:39,572", "level": "INFO", "logger": "middleware", "message": "Response: 200 for GET /api/users/me/"}
{"timestamp": "2025-09-21 16:11:39,593", "level": "INFO", "logger": "middleware", "message": "Request: GET /api/courses/"}
{"timestamp": "2025-09-21 16:11:39,644", "level": "INFO", "logger": "middleware", "message": "Response: 500 for GET /api/courses/"}
{"timestamp": "2025-09-21 16:11:39,664", "level": "INFO", "logger": "middleware", "message": "Request: GET /api/courses/my_courses/"}
{"timestamp": "2025-09-21 16:11:39,743", "level": "INFO", "logger": "middleware", "message": "Response: 200 for GET /api/courses/my_courses/"}
{"timestamp": "2025-09-21 16:12:00,292", "level": "INFO", "logger": "middleware", "message": "Request: POST /api/users/login/"}
{"timestamp": "2025-09-21 16:12:00,670", "level": "INFO", "logger": "middleware", "message": "Response: 200 for POST /api/users/login/"}
{"timestamp": "2025-09-21 16:12:00,725", "level": "INFO", "logger": "middleware", "message": "Request: GET /api/courses/my_courses/"}
{"timestamp": "2025-09-21 16:12:00,778", "level": "INFO", "logger": "middleware", "message": "Response: 200 for GET /api/courses/my_courses/"}
{"timestamp": "2025-09-21 16:12:00,794", "level": "INFO", "logger": "middleware", "message": "Request: GET /api/courses/my_courses/"}
{"timestamp": "2025-09-21 16:12:00,809", "level": "INFO", "logger": "middleware", "message": "Request: GET /api/users/role_summary/"}
{"timestamp": "2025-09-21 16:12:00,810", "level": "INFO", "logger": "middleware", "message": "Request: GET /api/courses/"}
{"timestamp": "2025-09-21 16:12:00,846", "level": "INFO", "logger": "middleware", "message": "Response: 500 for GET /api/courses/"}
{"timestamp": "2025-09-21 16:12:00,873", "level": "INFO", "logger": "middleware", "message": "Request: GET /api/courses/"}
{"timestamp": "2025-09-21 16:12:00,892", "level": "INFO", "logger": "middleware", "message": "Response: 200 for GET /api/users/role_summary/"}
{"timestamp": "2025-09-21 16:12:00,912", "level": "INFO", "logger": "middleware", "message": "Response: 200 for GET /api/courses/my_courses/"}
{"timestamp": "2025-09-21 16:12:00,929", "level": "INFO", "logger": "middleware", "message": "Response: 500 for GET /api/courses/"}
{"timestamp": "2025-09-21 16:12:00,933", "level": "INFO", "logger": "middleware", "message": "Request: GET /api/users/role_summary/"}
{"timestamp": "2025-09-21 16:12:00,964", "level": "INFO", "logger": "middleware", "message": "Response: 200 for GET /api/users/role_summary/"}
{"timestamp": "2025-09-21 16:12:02,528", "level": "INFO", "logger": "middleware", "message": "Request: GET /api/forum/conversations/"}
{"timestamp": "2025-09-21 16:12:02,542", "level": "INFO", "logger": "middleware", "message": "Response: 200 for GET /api/forum/conversations/"}
{"timestamp": "2025-09-21 16:12:02,556", "level": "INFO", "logger": "middleware", "message": "Request: GET /api/forum/conversations/"}
{"timestamp": "2025-09-21 16:12:02,570", "level": "INFO", "logger": "middleware", "message": "Response: 200 for GET /api/forum/conversations/"}
{"timestamp": "2025-09-21 16:12:58,189", "level": "INFO", "logger": "middleware", "message": "Request: GET /api/users/me/"}
{"timestamp": "2025-09-21 16:12:58,211", "level": "INFO", "logger": "middleware", "message": "Response: 200 for GET /api/users/me/"}
{"timestamp": "2025-09-21 16:12:58,233", "level": "INFO", "logger": "middleware", "message": "Request: GET /api/users/me/"}
{"timestamp": "2025-09-21 16:12:58,260", "level": "INFO", "logger": "middleware", "message": "Response: 200 for GET /api/users/me/"}
{"timestamp": "2025-09-21 16:12:58,280", "level": "INFO", "logger": "middleware", "message": "Request: GET /api/courses/"}
{"timestamp": "2025-09-21 16:12:58,286", "level": "INFO", "logger": "middleware", "message": "Request: GET /api/courses/my_courses/"}
{"timestamp": "2025-09-21 16:12:58,328", "level": "INFO", "logger": "middleware", "message": "Response: 500 for GET /api/courses/"}
{"timestamp": "2025-09-21 16:12:58,395", "level": "INFO", "logger": "middleware", "message": "Response: 200 for GET /api/courses/my_courses/"}
{"timestamp": "2025-09-21 16:13:39,669", "level": "INFO", "logger": "middleware", "message": "Request: POST /api/users/login/"}
{"timestamp": "2025-09-21 16:13:40,052", "level": "INFO", "logger": "middleware", "message": "Response: 200 for POST /api/users/login/"}
{"timestamp": "2025-09-21 16:13:40,107", "level": "INFO", "logger": "middleware", "message": "Request: GET /api/courses/my_courses/"}
{"timestamp": "2025-09-21 16:13:40,169", "level": "INFO", "logger": "middleware", "message": "Response: 200 for GET /api/courses/my_courses/"}
{"timestamp": "2025-09-21 16:13:40,190", "level": "INFO", "logger": "middleware", "message": "Request: GET /api/courses/my_courses/"}
{"timestamp": "2025-09-21 16:13:40,222", "level": "INFO", "logger": "middleware", "message": "Request: GET /api/users/role_summary/"}
{"timestamp": "2025-09-21 16:13:40,222", "level": "INFO", "logger": "middleware", "message": "Request: GET /api/courses/"}
{"timestamp": "2025-09-21 16:13:40,295", "level": "INFO", "logger": "middleware", "message": "Response: 200 for GET /api/courses/my_courses/"}
{"timestamp": "2025-09-21 16:13:40,298", "level": "INFO", "logger": "middleware", "message": "Response: 500 for GET /api/courses/"}
{"timestamp": "2025-09-21 16:13:40,307", "level": "INFO", "logger": "middleware", "message": "Response: 200 for GET /api/users/role_summary/"}
{"timestamp": "2025-09-21 16:13:40,317", "level": "INFO", "logger": "middleware", "message": "Request: GET /api/courses/"}
{"timestamp": "2025-09-21 16:13:40,328", "level": "INFO", "logger": "middleware", "message": "Request: GET /api/users/role_summary/"}
{"timestamp": "2025-09-21 16:13:40,342", "level": "INFO", "logger": "middleware", "message": "Response: 500 for GET /api/courses/"}
{"timestamp": "2025-09-21 16:13:40,361", "level": "INFO", "logger": "middleware", "message": "Response: 200 for GET /api/users/role_summary/"}
{"timestamp": "2025-09-21 16:13:43,251", "level": "INFO", "logger": "middleware", "message": "Request: GET /api/forum/conversations/"}
{"timestamp": "2025-09-21 16:13:43,269", "level": "INFO", "logger": "middleware", "message": "Response: 200 for GET /api/forum/conversations/"}
{"timestamp": "2025-09-21 16:13:43,284", "level": "INFO", "logger": "middleware", "message": "Request: GET /api/forum/conversations/"}
{"timestamp": "2025-09-21 16:13:43,300", "level": "INFO", "logger": "middleware", "message": "Response: 200 for GET /api/forum/conversations/"}
{"timestamp": "2025-09-21 16:14:40,060", "level": "INFO", "logger": "middleware", "message": "Request: GET /api/users/"}
{"timestamp": "2025-09-21 16:14:40,092", "level": "INFO", "logger": "middleware", "message": "Response: 200 for GET /api/users/"}
{"timestamp": "2025-09-21 16:17:16,516", "level": "INFO", "logger": "middleware", "message": "Request: GET /api/users/me/"}
{"timestamp": "2025-09-21 16:17:16,533", "level": "INFO", "logger": "middleware", "message": "Response: 200 for GET /api/users/me/"}
{"timestamp": "2025-09-21 16:17:16,552", "level": "INFO", "logger": "middleware", "message": "Request: GET /api/users/me/"}
{"timestamp": "2025-09-21 16:17:16,567", "level": "INFO", "logger": "middleware", "message": "Response: 200 for GET /api/users/me/"}
{"timestamp": "2025-09-21 16:17:16,584", "level": "INFO", "logger": "middleware", "message": "Request: GET /api/courses/"}
{"timestamp": "2025-09-21 16:17:16,602", "level": "INFO", "logger": "middleware", "message": "Response: 500 for GET /api/courses/"}
{"timestamp": "2025-09-21 16:17:16,622", "level": "INFO", "logger": "middleware", "message": "Request: GET /api/courses/my_courses/"}
{"timestamp": "2025-09-21 16:17:16,675", "level": "INFO", "logger": "middleware", "message": "Response: 200 for GET /api/courses/my_courses/"}
{"timestamp": "2025-09-21 16:17:17,234", "level": "INFO", "logger": "middleware", "message": "Request: POST /api/users/login/"}
{"timestamp": "2025-09-21 16:17:17,614", "level": "INFO", "logger": "middleware", "message": "Response: 200 for POST /api/users/login/"}
{"timestamp": "2025-09-21 16:17:17,685", "level": "INFO", "logger": "middleware", "message": "Request: GET /api/courses/my_courses/"}
{"timestamp": "2025-09-21 16:17:17,739", "level": "INFO", "logger": "middleware", "message": "Response: 200 for GET /api/courses/my_courses/"}
{"timestamp": "2025-09-21 16:17:17,754", "level": "INFO", "logger": "middleware", "message": "Request: GET /api/courses/my_courses/"}
{"timestamp": "2025-09-21 16:17:17,778", "level": "INFO", "logger": "middleware", "message": "Request: GET /api/users/role_summary/"}
{"timestamp": "2025-09-21 16:17:17,780", "level": "INFO", "logger": "middleware", "message": "Request: GET /api/courses/"}
{"timestamp": "2025-09-21 16:17:17,811", "level": "INFO", "logger": "middleware", "message": "Response: 500 for GET /api/courses/"}
{"timestamp": "2025-09-21 16:17:17,825", "level": "INFO", "logger": "middleware", "message": "Response: 200 for GET /api/users/role_summary/"}
{"timestamp": "2025-09-21 16:17:17,832", "level": "INFO", "logger": "middleware", "message": "Request: GET /api/courses/"}
{"timestamp": "2025-09-21 16:17:17,845", "level": "INFO", "logger": "middleware", "message": "Request: GET /api/users/role_summary/"}
{"timestamp": "2025-09-21 16:17:17,868", "level": "INFO", "logger": "middleware", "message": "Response: 500 for GET /api/courses/"}
{"timestamp": "2025-09-21 16:17:17,901", "level": "INFO", "logger": "middleware", "message": "Response: 200 for GET /api/courses/my_courses/"}
{"timestamp": "2025-09-21 16:17:17,903", "level": "INFO", "logger": "middleware", "message": "Response: 200 for GET /api/users/role_summary/"}
{"timestamp": "2025-09-21 16:17:19,670", "level": "INFO", "logger": "middleware", "message": "Request: GET /api/forum/conversations/"}
{"timestamp": "2025-09-21 16:17:19,686", "level": "INFO", "logger": "middleware", "message": "Response: 200 for GET /api/forum/conversations/"}
{"timestamp": "2025-09-21 16:17:19,703", "level": "INFO", "logger": "middleware", "message": "Request: GET /api/forum/conversations/"}
{"timestamp": "2025-09-21 16:17:19,719", "level": "INFO", "logger": "middleware", "message": "Response: 200 for GET /api/forum/conversations/"}
{"timestamp": "2025-09-21 16:17:26,815", "level": "INFO", "logger": "middleware", "message": "Request: GET /api/users/"}
{"timestamp": "2025-09-21 16:17:26,847", "level": "INFO", "logger": "middleware", "message": "Response: 200 for GET /api/users/"}
{"timestamp": "2025-09-21 16:18:54,139", "level": "INFO", "logger": "middleware", "message": "Request: GET /api/users/me/"}
{"timestamp": "2025-09-21 16:18:54,157", "level": "INFO", "logger": "middleware", "message": "Response: 200 for GET /api/users/me/"}
{"timestamp": "2025-09-21 16:18:54,172", "level": "INFO", "logger": "middleware", "message": "Request: GET /api/users/me/"}
{"timestamp": "2025-09-21 16:18:54,190", "level": "INFO", "logger": "middleware", "message": "Response: 200 for GET /api/users/me/"}
{"timestamp": "2025-09-21 16:18:54,204", "level": "INFO", "logger": "middleware", "message": "Request: GET /api/courses/"}
{"timestamp": "2025-09-21 16:18:54,221", "level": "INFO", "logger": "middleware", "message": "Response: 500 for GET /api/courses/"}
{"timestamp": "2025-09-21 16:18:54,236", "level": "INFO", "logger": "middleware", "message": "Request: GET /api/courses/my_courses/"}
{"timestamp": "2025-09-21 16:18:54,286", "level": "INFO", "logger": "middleware", "message": "Response: 200 for GET /api/courses/my_courses/"}
{"timestamp": "2025-09-21 16:18:54,961", "level": "INFO", "logger": "middleware", "message": "Request: POST /api/users/login/"}
{"timestamp": "2025-09-21 16:18:55,330", "level": "INFO", "logger": "middleware", "message": "Response: 200 for POST /api/users/login/"}
{"timestamp": "2025-09-21 16:18:55,389", "level": "INFO", "logger": "middleware", "message": "Request: GET /api/courses/my_courses/"}
{"timestamp": "2025-09-21 16:18:55,443", "level": "INFO", "logger": "middleware", "message": "Response: 200 for GET /api/courses/my_courses/"}
{"timestamp": "2025-09-21 16:18:55,457", "level": "INFO", "logger": "middleware", "message": "Request: GET /api/courses/my_courses/"}
{"timestamp": "2025-09-21 16:18:55,481", "level": "INFO", "logger": "middleware", "message": "Request: GET /api/users/role_summary/"}
{"timestamp": "2025-09-21 16:18:55,482", "level": "INFO", "logger": "middleware", "message": "Request: GET /api/courses/"}
{"timestamp": "2025-09-21 16:18:55,533", "level": "INFO", "logger": "middleware", "message": "Response: 500 for GET /api/courses/"}
{"timestamp": "2025-09-21 16:18:55,546", "level": "INFO", "logger": "middleware", "message": "Response: 200 for GET /api/users/role_summary/"}
{"timestamp": "2025-09-21 16:18:55,561", "level": "INFO", "logger": "middleware", "message": "Request: GET /api/courses/"}
{"timestamp": "2025-09-21 16:18:55,567", "level": "INFO", "logger": "middleware", "message": "Response: 200 for GET /api/courses/my_courses/"}
{"timestamp": "2025-09-21 16:18:55,570", "level": "INFO", "logger": "middleware", "message": "Request: GET /api/users/role_summary/"}
{"timestamp": "2025-09-21 16:18:55,588", "level": "INFO", "logger": "middleware", "message": "Response: 500 for GET /api/courses/"}
{"timestamp": "2025-09-21 16:18:55,605", "level": "INFO", "logger": "middleware", "message": "Response: 200 for GET /api/users/role_summary/"}
{"timestamp": "2025-09-21 16:18:58,264", "level": "INFO", "logger": "middleware", "message": "Request: GET /api/forum/conversations/"}
{"timestamp": "2025-09-21 16:18:58,278", "level": "INFO", "logger": "middleware", "message": "Response: 200 for GET /api/forum/conversations/"}
{"timestamp": "2025-09-21 16:18:58,294", "level": "INFO", "logger": "middleware", "message": "Request: GET /api/forum/conversations/"}
{"timestamp": "2025-09-21 16:18:58,310", "level": "INFO", "logger": "middleware", "message": "Response: 200 for GET /api/forum/conversations/"}
{"timestamp": "2025-09-21 16:19:31,212", "level": "INFO", "logger": "middleware", "message": "Request: GET /api/users/"}
{"timestamp": "2025-09-21 16:19:31,245", "level": "INFO", "logger": "middleware", "message": "Response: 200 for GET /api/users/"}
{"timestamp": "2025-09-21 16:20:38,470", "level": "INFO", "logger": "middleware", "message": "Request: GET /api/users/me/"}
{"timestamp": "2025-09-21 16:20:38,487", "level": "INFO", "logger": "middleware", "message": "Response: 200 for GET /api/users/me/"}
{"timestamp": "2025-09-21 16:20:38,512", "level": "INFO", "logger": "middleware", "message": "Request: GET /api/users/me/"}
{"timestamp": "2025-09-21 16:20:38,568", "level": "INFO", "logger": "middleware", "message": "Response: 200 for GET /api/users/me/"}
{"timestamp": "2025-09-21 16:20:38,592", "level": "INFO", "logger": "middleware", "message": "Request: GET /api/courses/"}
{"timestamp": "2025-09-21 16:20:38,632", "level": "INFO", "logger": "middleware", "message": "Response: 500 for GET /api/courses/"}
{"timestamp": "2025-09-21 16:20:38,654", "level": "INFO", "logger": "middleware", "message": "Request: GET /api/courses/my_courses/"}
{"timestamp": "2025-09-21 16:20:38,717", "level": "INFO", "logger": "middleware", "message": "Response: 200 for GET /api/courses/my_courses/"}
{"timestamp": "2025-09-21 16:25:19,674", "level": "INFO", "logger": "middleware", "message": "Request: GET /api/users/me/"}
{"timestamp": "2025-09-21 16:25:19,690", "level": "INFO", "logger": "middleware", "message": "Response: 200 for GET /api/users/me/"}
{"timestamp": "2025-09-21 16:25:19,714", "level": "INFO", "logger": "middleware", "message": "Request: GET /api/users/me/"}
{"timestamp": "2025-09-21 16:25:19,727", "level": "INFO", "logger": "middleware", "message": "Response: 200 for GET /api/users/me/"}
{"timestamp": "2025-09-21 16:25:19,741", "level": "INFO", "logger": "middleware", "message": "Request: GET /api/courses/"}
{"timestamp": "2025-09-21 16:25:19,757", "level": "INFO", "logger": "middleware", "message": "Response: 500 for GET /api/courses/"}
{"timestamp": "2025-09-21 16:25:19,773", "level": "INFO", "logger": "middleware", "message": "Request: GET /api/courses/my_courses/"}
{"timestamp": "2025-09-21 16:25:19,821", "level": "INFO", "logger": "middleware", "message": "Response: 200 for GET /api/courses/my_courses/"}
{"timestamp": "2025-09-21 16:25:20,475", "level": "INFO", "logger": "middleware", "message": "Request: POST /api/users/login/"}
{"timestamp": "2025-09-21 16:25:20,849", "level": "INFO", "logger": "middleware", "message": "Response: 200 for POST /api/users/login/"}
{"timestamp": "2025-09-21 16:25:20,929", "level": "INFO", "logger": "middleware", "message": "Request: GET /api/courses/my_courses/"}
{"timestamp": "2025-09-21 16:25:20,986", "level": "INFO", "logger": "middleware", "message": "Response: 200 for GET /api/courses/my_courses/"}
{"timestamp": "2025-09-21 16:25:21,008", "level": "INFO", "logger": "middleware", "message": "Request: GET /api/courses/my_courses/"}
{"timestamp": "2025-09-21 16:25:21,034", "level": "INFO", "logger": "middleware", "message": "Request: GET /api/courses/"}
{"timestamp": "2025-09-21 16:25:21,035", "level": "INFO", "logger": "middleware", "message": "Request: GET /api/users/role_summary/"}
{"timestamp": "2025-09-21 16:25:21,091", "level": "INFO", "logger": "middleware", "message": "Response: 500 for GET /api/courses/"}
{"timestamp": "2025-09-21 16:25:21,107", "level": "INFO", "logger": "middleware", "message": "Response: 200 for GET /api/users/role_summary/"}
{"timestamp": "2025-09-21 16:25:21,124", "level": "INFO", "logger": "middleware", "message": "Request: GET /api/courses/"}
{"timestamp": "2025-09-21 16:25:21,127", "level": "INFO", "logger": "middleware", "message": "Response: 200 for GET /api/courses/my_courses/"}
{"timestamp": "2025-09-21 16:25:21,137", "level": "INFO", "logger": "middleware", "message": "Request: GET /api/users/role_summary/"}
{"timestamp": "2025-09-21 16:25:21,151", "level": "INFO", "logger": "middleware", "message": "Response: 500 for GET /api/courses/"}
{"timestamp": "2025-09-21 16:25:21,170", "level": "INFO", "logger": "middleware", "message": "Response: 200 for GET /api/users/role_summary/"}
{"timestamp": "2025-09-21 16:25:22,645", "level": "INFO", "logger": "middleware", "message": "Request: GET /api/forum/conversations/"}
{"timestamp": "2025-09-21 16:25:22,659", "level": "INFO", "logger": "middleware", "message": "Response: 200 for GET /api/forum/conversations/"}
{"timestamp": "2025-09-21 16:25:22,671", "level": "INFO", "logger": "middleware", "message": "Request: GET /api/forum/conversations/"}
{"timestamp": "2025-09-21 16:25:22,684", "level": "INFO", "logger": "middleware", "message": "Response: 200 for GET /api/forum/conversations/"}
{"timestamp": "2025-09-21 16:25:28,201", "level": "INFO", "logger": "middleware", "message": "Request: GET /api/users/"}
{"timestamp": "2025-09-21 16:25:28,229", "level": "INFO", "logger": "middleware", "message": "Response: 200 for GET /api/users/"}
{"timestamp": "2025-09-21 16:25:28,877", "level": "INFO", "logger": "middleware", "message": "Request: GET /api/users/"}
{"timestamp": "2025-09-21 16:25:28,907", "level": "INFO", "logger": "middleware", "message": "Response: 200 for GET /api/users/"}
{"timestamp": "2025-09-21 16:25:38,340", "level": "INFO", "logger": "middleware", "message": "Request: POST /api/forum/conversations/"}
{"timestamp": "2025-09-21 16:25:38,360", "level": "INFO", "logger": "middleware", "message": "Response: 400 for POST /api/forum/conversations/"}
{"timestamp": "2025-09-21 16:35:46,723", "level": "INFO", "logger": "middleware", "message": "Request: POST /api/forum/conversations/"}
{"timestamp": "2025-09-21 16:35:46,742", "level": "INFO", "logger": "middleware", "message": "Response: 400 for POST /api/forum/conversations/"}
{"timestamp": "2025-09-21 16:41:56,896", "level": "INFO", "logger": "middleware", "message": "Request: GET /api/users/me/"}
{"timestamp": "2025-09-21 16:41:56,918", "level": "INFO", "logger": "middleware", "message": "Response: 200 for GET /api/users/me/"}
{"timestamp": "2025-09-21 16:41:56,933", "level": "INFO", "logger": "middleware", "message": "Request: GET /api/users/me/"}
{"timestamp": "2025-09-21 16:41:56,949", "level": "INFO", "logger": "middleware", "message": "Response: 200 for GET /api/users/me/"}
{"timestamp": "2025-09-21 16:41:56,965", "level": "INFO", "logger": "middleware", "message": "Request: GET /api/courses/"}
{"timestamp": "2025-09-21 16:41:56,982", "level": "INFO", "logger": "middleware", "message": "Response: 500 for GET /api/courses/"}
{"timestamp": "2025-09-21 16:41:57,009", "level": "INFO", "logger": "middleware", "message": "Request: GET /api/courses/my_courses/"}
{"timestamp": "2025-09-21 16:41:57,063", "level": "INFO", "logger": "middleware", "message": "Response: 200 for GET /api/courses/my_courses/"}
{"timestamp": "2025-09-21 16:44:14,340", "level": "INFO", "logger": "middleware", "message": "Request: POST /api/users/login/"}
{"timestamp": "2025-09-21 16:44:14,716", "level": "INFO", "logger": "middleware", "message": "Response: 200 for POST /api/users/login/"}
{"timestamp": "2025-09-21 16:44:14,856", "level": "INFO", "logger": "middleware", "message": "Request: GET /api/courses/my_courses/"}
{"timestamp": "2025-09-21 16:44:14,911", "level": "INFO", "logger": "middleware", "message": "Response: 200 for GET /api/courses/my_courses/"}
{"timestamp": "2025-09-21 16:44:14,948", "level": "INFO", "logger": "middleware", "message": "Request: GET /api/users/role_summary/"}
{"timestamp": "2025-09-21 16:44:14,949", "level": "INFO", "logger": "middleware", "message": "Request: GET /api/courses/my_courses/"}
{"timestamp": "2025-09-21 16:44:14,989", "level": "INFO", "logger": "middleware", "message": "Response: 200 for GET /api/users/role_summary/"}
{"timestamp": "2025-09-21 16:44:15,023", "level": "INFO", "logger": "middleware", "message": "Response: 200 for GET /api/courses/my_courses/"}
{"timestamp": "2025-09-21 16:44:15,155", "level": "INFO", "logger": "middleware", "message": "Request: GET /api/courses/"}
{"timestamp": "2025-09-21 16:44:15,157", "level": "INFO", "logger": "middleware", "message": "Request: GET /api/users/role_summary/"}
{"timestamp": "2025-09-21 16:44:15,183", "level": "INFO", "logger": "middleware", "message": "Response: 500 for GET /api/courses/"}
{"timestamp": "2025-09-21 16:44:15,203", "level": "INFO", "logger": "middleware", "message": "Response: 200 for GET /api/users/role_summary/"}
{"timestamp": "2025-09-21 16:44:15,210", "level": "INFO", "logger": "middleware", "message": "Request: GET /api/courses/"}
{"timestamp": "2025-09-21 16:44:15,225", "level": "INFO", "logger": "middleware", "message": "Response: 500 for GET /api/courses/"}
{"timestamp": "2025-09-21 16:44:17,500", "level": "INFO", "logger": "middleware", "message": "Request: GET /api/api/messaging/conversations/"}
{"timestamp": "2025-09-21 16:44:17,512", "level": "ERROR", "logger": "middleware", "message": "Unhandled exception: Http404: “/home/jorge/pagina web nueva ifap dos/backend/api/api/messaging/conversations” no existe"}
Traceback (most recent call last):
  File "/home/jorge/pagina web nueva ifap dos/backend/venv/lib/python3.13/site-packages/asgiref/sync.py", line 489, in thread_handler
    raise exc_info[1]
  File "/home/jorge/pagina web nueva ifap dos/backend/venv/lib/python3.13/site-packages/django/core/handlers/base.py", line 253, in _get_response_async
    response = await wrapped_callback(
               ^^^^^^^^^^^^^^^^^^^^^^^
        request, *callback_args, **callback_kwargs
        ^^^^^^^^^^^^^^^^^^^^^^^^^^^^^^^^^^^^^^^^^^
    )
    ^
  File "/home/jorge/pagina web nueva ifap dos/backend/venv/lib/python3.13/site-packages/asgiref/sync.py", line 439, in __call__
    ret = await asyncio.shield(exec_coro)
          ^^^^^^^^^^^^^^^^^^^^^^^^^^^^^^^
  File "/home/jorge/pagina web nueva ifap dos/backend/venv/lib/python3.13/site-packages/asgiref/current_thread_executor.py", line 40, in run
    result = self.fn(*self.args, **self.kwargs)
  File "/home/jorge/pagina web nueva ifap dos/backend/venv/lib/python3.13/site-packages/asgiref/sync.py", line 493, in thread_handler
    return func(*args, **kwargs)
  File "/home/jorge/pagina web nueva ifap dos/backend/venv/lib/python3.13/site-packages/django/views/static.py", line 40, in serve
    raise Http404(_("“%(path)s” does not exist") % {"path": fullpath})
django.http.response.Http404: “/home/jorge/pagina web nueva ifap dos/backend/api/api/messaging/conversations” no existe
{"timestamp": "2025-09-21 16:44:17,557", "level": "INFO", "logger": "middleware", "message": "Response: 404 for GET /api/api/messaging/conversations/"}
{"timestamp": "2025-09-21 16:44:17,582", "level": "INFO", "logger": "middleware", "message": "Request: GET /api/api/messaging/conversations/"}
{"timestamp": "2025-09-21 16:44:17,593", "level": "ERROR", "logger": "middleware", "message": "Unhandled exception: Http404: “/home/jorge/pagina web nueva ifap dos/backend/api/api/messaging/conversations” no existe"}
Traceback (most recent call last):
  File "/home/jorge/pagina web nueva ifap dos/backend/venv/lib/python3.13/site-packages/asgiref/sync.py", line 489, in thread_handler
    raise exc_info[1]
  File "/home/jorge/pagina web nueva ifap dos/backend/venv/lib/python3.13/site-packages/django/core/handlers/base.py", line 253, in _get_response_async
    response = await wrapped_callback(
               ^^^^^^^^^^^^^^^^^^^^^^^
        request, *callback_args, **callback_kwargs
        ^^^^^^^^^^^^^^^^^^^^^^^^^^^^^^^^^^^^^^^^^^
    )
    ^
  File "/home/jorge/pagina web nueva ifap dos/backend/venv/lib/python3.13/site-packages/asgiref/sync.py", line 439, in __call__
    ret = await asyncio.shield(exec_coro)
          ^^^^^^^^^^^^^^^^^^^^^^^^^^^^^^^
  File "/home/jorge/pagina web nueva ifap dos/backend/venv/lib/python3.13/site-packages/asgiref/current_thread_executor.py", line 40, in run
    result = self.fn(*self.args, **self.kwargs)
  File "/home/jorge/pagina web nueva ifap dos/backend/venv/lib/python3.13/site-packages/asgiref/sync.py", line 493, in thread_handler
    return func(*args, **kwargs)
  File "/home/jorge/pagina web nueva ifap dos/backend/venv/lib/python3.13/site-packages/django/views/static.py", line 40, in serve
    raise Http404(_("“%(path)s” does not exist") % {"path": fullpath})
django.http.response.Http404: “/home/jorge/pagina web nueva ifap dos/backend/api/api/messaging/conversations” no existe
{"timestamp": "2025-09-21 16:44:17,625", "level": "INFO", "logger": "middleware", "message": "Response: 404 for GET /api/api/messaging/conversations/"}
{"timestamp": "2025-09-21 16:44:45,464", "level": "INFO", "logger": "middleware", "message": "Request: GET /api/courses/my_courses/"}
{"timestamp": "2025-09-21 16:44:45,519", "level": "INFO", "logger": "middleware", "message": "Response: 200 for GET /api/courses/my_courses/"}
{"timestamp": "2025-09-21 16:44:45,600", "level": "INFO", "logger": "middleware", "message": "Request: GET /api/courses/my_courses/"}
{"timestamp": "2025-09-21 16:44:45,661", "level": "INFO", "logger": "middleware", "message": "Request: GET /api/courses/"}
{"timestamp": "2025-09-21 16:44:45,663", "level": "INFO", "logger": "middleware", "message": "Request: GET /api/users/role_summary/"}
{"timestamp": "2025-09-21 16:44:45,673", "level": "INFO", "logger": "middleware", "message": "Response: 200 for GET /api/courses/my_courses/"}
{"timestamp": "2025-09-21 16:44:45,697", "level": "INFO", "logger": "middleware", "message": "Response: 500 for GET /api/courses/"}
{"timestamp": "2025-09-21 16:44:45,709", "level": "INFO", "logger": "middleware", "message": "Response: 200 for GET /api/users/role_summary/"}
{"timestamp": "2025-09-21 16:44:45,733", "level": "INFO", "logger": "middleware", "message": "Request: GET /api/users/role_summary/"}
{"timestamp": "2025-09-21 16:44:45,734", "level": "INFO", "logger": "middleware", "message": "Request: GET /api/courses/"}
{"timestamp": "2025-09-21 16:44:45,763", "level": "INFO", "logger": "middleware", "message": "Response: 500 for GET /api/courses/"}
{"timestamp": "2025-09-21 16:44:45,776", "level": "INFO", "logger": "middleware", "message": "Response: 200 for GET /api/users/role_summary/"}
{"timestamp": "2025-09-21 16:45:30,250", "level": "INFO", "logger": "middleware", "message": "Request: GET /api/users/me/"}
{"timestamp": "2025-09-21 16:45:30,353", "level": "INFO", "logger": "middleware", "message": "Response: 200 for GET /api/users/me/"}
{"timestamp": "2025-09-21 16:45:30,414", "level": "INFO", "logger": "middleware", "message": "Request: GET /api/users/me/"}
{"timestamp": "2025-09-21 16:45:30,430", "level": "INFO", "logger": "middleware", "message": "Response: 200 for GET /api/users/me/"}
{"timestamp": "2025-09-21 16:45:30,446", "level": "INFO", "logger": "middleware", "message": "Request: GET /api/courses/my_courses/"}
{"timestamp": "2025-09-21 16:45:30,493", "level": "INFO", "logger": "middleware", "message": "Request: GET /api/courses/"}
{"timestamp": "2025-09-21 16:45:30,554", "level": "INFO", "logger": "middleware", "message": "Response: 500 for GET /api/courses/"}
{"timestamp": "2025-09-21 16:45:30,535", "level": "INFO", "logger": "middleware", "message": "Response: 200 for GET /api/courses/my_courses/"}
