INFO 2025-09-20 22:42:08,318 views 178767 140176944789184 User 10 accessed profile
INFO 2025-09-20 22:42:08,352 views 178767 140176944789184 User 10 accessed profile
INFO 2025-09-20 22:49:26,303 views 178767 140176944789184 User 10 accessed profile
INFO 2025-09-20 22:49:26,330 views 178767 140176944789184 User 10 accessed profile
INFO 2025-09-20 23:13:26,621 views 178767 140176944789184 User 10 accessed profile
INFO 2025-09-20 23:13:26,652 views 178767 140176944789184 User 10 accessed profile
INFO 2025-09-21 16:11:39,501 views 506431 139939287131840 User 10 accessed profile
INFO 2025-09-21 16:11:39,559 views 506431 139939287131840 User 10 accessed profile
INFO 2025-09-21 16:12:58,203 views 506431 139939287131840 User 10 accessed profile
INFO 2025-09-21 16:12:58,249 views 506431 139939287131840 User 10 accessed profile
INFO 2025-09-21 16:17:16,525 views 506431 139939416803008 User 10 accessed profile
INFO 2025-09-21 16:17:16,561 views 506431 139939416803008 User 10 accessed profile
INFO 2025-09-21 16:18:54,150 views 506431 139939295524544 User 10 accessed profile
INFO 2025-09-21 16:18:54,184 views 506431 139939295524544 User 10 accessed profile
INFO 2025-09-21 16:20:38,481 views 506431 139939416803008 User 10 accessed profile
INFO 2025-09-21 16:20:38,526 views 506431 139939416803008 User 10 accessed profile
INFO 2025-09-21 16:25:19,684 views 506431 139939416803008 User 10 accessed profile
INFO 2025-09-21 16:25:19,722 views 506431 139939416803008 User 10 accessed profile
INFO 2025-09-21 16:41:56,912 views 506431 139939287131840 User 10 accessed profile
INFO 2025-09-21 16:41:56,943 views 506431 139939287131840 User 10 accessed profile
INFO 2025-09-21 16:45:30,346 views 567872 140237997078208 User 10 accessed profile
INFO 2025-09-21 16:45:30,425 views 567872 140237988685504 User 10 accessed profile
INFO 2025-09-21 17:59:44,825 views 647028 140153699952320 User 10 accessed profile
INFO 2025-09-21 17:59:44,920 views 647028 140153708345024 User 10 accessed profile
INFO 2025-09-21 18:00:53,524 views 647028 140153708345024 User 10 accessed profile
INFO 2025-09-21 18:00:53,581 views 647028 140153699952320 User 10 accessed profile
INFO 2025-09-21 18:47:25,003 views 647028 140153708345024 User 10 accessed profile
INFO 2025-09-21 18:47:25,030 views 647028 140153708345024 User 10 accessed profile
INFO 2025-09-21 21:06:00,791 views 734730 140454288946880 User 10 accessed profile
INFO 2025-09-21 21:06:00,857 views 734730 140454280554176 User 10 accessed profile
INFO 2025-09-21 21:48:07,279 views 798349 140361984898752 User 10 accessed profile
INFO 2025-09-21 21:48:07,318 views 798349 140361984898752 User 10 accessed profile
INFO 2025-09-21 21:48:34,226 views 798349 140361963927232 User 10 accessed profile
INFO 2025-09-21 21:48:34,259 views 798349 140361880041152 User 10 accessed profile
INFO 2025-09-21 21:51:46,035 views 798349 140361871648448 User 10 accessed profile
INFO 2025-09-21 21:51:46,061 views 798349 140361963927232 User 10 accessed profile
INFO 2025-09-21 22:00:36,642 views 828398 140671981713088 User 10 accessed profile
INFO 2025-09-21 22:00:36,679 views 828398 140671981713088 User 10 accessed profile
INFO 2025-09-22 09:41:35,552 views 64107 140143197419200 User 10 accessed profile
INFO 2025-09-22 09:41:35,588 views 64107 140143197419200 User 10 accessed profile
INFO 2025-09-22 09:41:46,817 views 64107 140143245301440 User 10 accessed profile
INFO 2025-09-22 09:41:46,866 views 64107 140143245301440 User 10 accessed profile
INFO 2025-09-22 10:07:03,728 views 111693 139868206962368 User 10 accessed profile
INFO 2025-09-22 10:07:03,771 views 111693 139868088825536 User 10 accessed profile
INFO 2025-09-22 10:13:21,614 views 111693 139868088825536 User 10 accessed profile
INFO 2025-09-22 10:13:21,648 views 111693 139868088825536 User 10 accessed profile
INFO 2025-09-22 10:14:14,704 views 111693 139868088825536 User 10 accessed profile
INFO 2025-09-22 10:14:14,741 views 111693 139868088825536 User 10 accessed profile
INFO 2025-09-22 10:22:01,295 views 123446 140204424468160 User 10 accessed profile
INFO 2025-09-22 10:22:01,348 views 123446 140204424468160 User 10 accessed profile
INFO 2025-09-22 10:52:35,906 views 137031 140332729620160 User 10 accessed profile
INFO 2025-09-22 10:52:35,938 views 137031 140332729620160 User 10 accessed profile
INFO 2025-09-22 11:02:27,962 views 137031 140332721227456 User 10 accessed profile
INFO 2025-09-22 11:02:27,999 views 137031 140332721227456 User 10 accessed profile
INFO 2025-09-22 11:02:36,575 views 137031 140332738012864 User 10 accessed profile
INFO 2025-09-22 11:02:36,611 views 137031 140332738012864 User 10 accessed profile
INFO 2025-09-22 11:09:45,143 views 156132 139826533054144 User 10 accessed profile
INFO 2025-09-22 11:09:45,179 views 156132 139826533054144 User 10 accessed profile
INFO 2025-09-22 11:31:54,441 views 156132 139826414220992 User 10 accessed profile
INFO 2025-09-22 11:31:54,488 views 156132 139826414220992 User 10 accessed profile
INFO 2025-09-22 11:34:16,706 views 156132 139826414220992 User 10 accessed profile
INFO 2025-09-22 11:34:16,736 views 156132 139826414220992 User 10 accessed profile
INFO 2025-09-22 11:34:42,649 views 156132 139826414220992 User 10 accessed profile
INFO 2025-09-22 11:34:42,681 views 156132 139826414220992 User 10 accessed profile
INFO 2025-09-22 11:34:57,701 views 156132 139826414220992 User 10 accessed profile
INFO 2025-09-22 11:34:57,730 views 156132 139826414220992 User 10 accessed profile
INFO 2025-09-22 11:54:59,218 views 175313 140328941467328 User 10 accessed profile
INFO 2025-09-22 11:54:59,246 views 175313 140328941467328 User 10 accessed profile
INFO 2025-09-22 12:33:20,955 views 175313 140328816338624 User 10 accessed profile
INFO 2025-09-22 12:33:20,992 views 175313 140328816338624 User 10 accessed profile
INFO 2025-09-22 12:49:10,300 views 175313 140328941467328 User 10 accessed profile
INFO 2025-09-22 12:49:10,387 views 175313 140328941467328 User 10 accessed profile
INFO 2025-09-22 12:51:05,902 views 175313 140328816338624 User 10 accessed profile
INFO 2025-09-22 12:51:05,935 views 175313 140328816338624 User 10 accessed profile
INFO 2025-09-22 12:51:38,531 views 175313 140328816338624 User 10 accessed profile
INFO 2025-09-22 12:51:38,560 views 175313 140328816338624 User 10 accessed profile
INFO 2025-09-22 14:19:46,511 views 175313 140328824731328 User 10 accessed profile
INFO 2025-09-22 14:19:46,546 views 175313 140328824731328 User 10 accessed profile
INFO 2025-09-22 15:08:01,869 views 175313 140328807945920 User 10 accessed profile
INFO 2025-09-22 15:08:01,901 views 175313 140328807945920 User 10 accessed profile
INFO 2025-09-22 16:14:01,398 views 577679 140350496691904 User 10 accessed profile
INFO 2025-09-22 16:14:01,430 views 577679 140350496691904 User 10 accessed profile
INFO 2025-09-22 16:42:58,727 views 577679 140350270207680 User 10 accessed profile
INFO 2025-09-22 16:42:58,765 views 577679 140350270207680 User 10 accessed profile
INFO 2025-09-22 18:24:46,118 views 658111 140156627576512 User 10 accessed profile
INFO 2025-09-22 18:24:46,151 views 658111 140156627576512 User 10 accessed profile
INFO 2025-09-22 20:54:04,034 views 658111 140156753753792 User 10 accessed profile
INFO 2025-09-22 20:54:04,036 views 658111 140156384306880 User 10 accessed profile
INFO 2025-09-22 20:56:37,414 views 658111 140156384306880 User 10 accessed profile
INFO 2025-09-22 20:56:37,451 views 658111 140156384306880 User 10 accessed profile
INFO 2025-09-23 21:35:05,359 views 211662 140240261994176 User 10 accessed profile
INFO 2025-09-23 21:35:05,383 views 211662 140240261994176 User 10 accessed profile
INFO 2025-09-23 21:45:21,727 views 211662 140240253601472 User 10 accessed profile
INFO 2025-09-23 21:45:21,753 views 211662 140240253601472 User 10 accessed profile
INFO 2025-09-23 21:46:49,775 views 211662 140240496871104 User 10 accessed profile
INFO 2025-09-23 21:46:49,855 views 211662 140240496871104 User 10 accessed profile
INFO 2025-09-23 21:54:50,413 views 681534 139964039816896 User 10 accessed profile
INFO 2025-09-23 21:54:50,436 views 681534 139964039816896 User 10 accessed profile
INFO 2025-09-23 21:55:00,667 views 681534 139964010456768 User 10 accessed profile
INFO 2025-09-23 21:55:00,687 views 681534 139964018849472 User 10 accessed profile
INFO 2025-09-23 21:58:04,990 views 681534 139964039816896 User 10 accessed profile
INFO 2025-09-23 21:58:05,012 views 681534 139964018849472 User 10 accessed profile
INFO 2025-09-23 22:00:03,468 views 681534 139964018849472 User 10 accessed profile
INFO 2025-09-23 22:00:03,492 views 681534 139964010456768 User 10 accessed profile
INFO 2025-09-23 22:00:11,013 views 681534 139964010456768 User 10 accessed profile
INFO 2025-09-23 22:00:11,043 views 681534 139964018849472 User 10 accessed profile
INFO 2025-09-23 22:04:28,989 views 706495 140212697036480 User 10 accessed profile
INFO 2025-09-23 22:04:29,027 views 706495 140212697036480 User 10 accessed profile
INFO 2025-09-23 22:04:34,308 views 706495 140212697036480 User 10 accessed profile
INFO 2025-09-23 22:04:34,407 views 706495 140212667672256 User 10 accessed profile
INFO 2025-09-23 22:08:44,047 views 715863 139655559247552 User 10 accessed profile
INFO 2025-09-23 22:08:44,074 views 715863 139655559247552 User 10 accessed profile
INFO 2025-09-23 22:08:48,783 views 715863 139655538276032 User 10 accessed profile
INFO 2025-09-23 22:08:48,838 views 715863 139655529883328 User 10 accessed profile
INFO 2025-09-23 22:10:31,611 views 715863 139655504705216 User 10 accessed profile
INFO 2025-09-23 22:10:31,695 views 715863 139655504705216 User 10 accessed profile
INFO 2025-09-23 22:11:24,902 views 722375 140202026727104 User 10 accessed profile
INFO 2025-09-23 22:11:24,927 views 722375 140202026727104 User 10 accessed profile
INFO 2025-09-23 22:12:06,599 views 722375 140201997362880 User 10 accessed profile
INFO 2025-09-23 22:12:06,672 views 722375 140201997362880 User 10 accessed profile
INFO 2025-09-23 22:22:37,637 views 739021 140461496858304 Dashboard stats requested by admin user 7 (admin)
INFO 2025-09-23 22:45:57,594 views 758087 140376769468096 User 10 accessed profile
INFO 2025-09-23 22:45:57,646 views 758087 140376721585856 User 10 accessed profile
INFO 2025-09-23 22:46:02,685 views 758087 140376721585856 Dashboard stats requested by admin user 10 (jorge1)
INFO 2025-09-23 22:46:02,731 views 758087 140376721585856 Dashboard stats requested by admin user 10 (jorge1)
INFO 2025-09-23 22:46:11,755 views 758087 140376635598528 Dashboard stats requested by admin user 10 (jorge1)
INFO 2025-09-23 22:46:11,797 views 758087 140376635598528 Dashboard stats requested by admin user 10 (jorge1)
INFO 2025-09-23 22:50:43,740 views 758087 140376635598528 User 10 accessed profile
INFO 2025-09-23 22:50:43,768 views 758087 140376635598528 User 10 accessed profile
INFO 2025-09-23 22:50:45,359 views 758087 140376769468096 Dashboard stats requested by admin user 10 (jorge1)
INFO 2025-09-23 22:50:45,462 views 758087 140376721585856 Dashboard stats requested by admin user 10 (jorge1)
INFO 2025-09-23 22:50:50,929 views 758087 140376635598528 Dashboard stats requested by admin user 10 (jorge1)
INFO 2025-09-23 22:50:50,979 views 758087 140376721585856 Dashboard stats requested by admin user 10 (jorge1)
INFO 2025-09-23 22:58:48,885 views 758087 140376721585856 User 10 accessed profile
INFO 2025-09-23 22:58:48,914 views 758087 140376721585856 User 10 accessed profile
INFO 2025-09-23 22:58:52,111 views 758087 140376721585856 Dashboard stats requested by admin user 10 (jorge1)
INFO 2025-09-23 22:58:52,191 views 758087 140376721585856 Dashboard stats requested by admin user 10 (jorge1)
INFO 2025-09-23 23:16:57,870 views 820302 139862718715584 Dashboard stats requested by admin user 10 (jorge1)
INFO 2025-09-23 23:16:58,099 views 820302 139862590092992 Dashboard stats requested by admin user 10 (jorge1)
INFO 2025-09-23 23:28:36,286 views 820302 139862590092992 Dashboard stats requested by admin user 10 (jorge1)
INFO 2025-09-23 23:28:36,444 views 820302 139862581700288 Dashboard stats requested by admin user 10 (jorge1)
INFO 2025-09-23 23:28:49,375 views 820302 139862581700288 Dashboard stats requested by admin user 10 (jorge1)
INFO 2025-09-23 23:28:49,536 views 820302 139862590092992 Dashboard stats requested by admin user 10 (jorge1)
INFO 2025-09-23 23:41:19,317 views 820302 139862581700288 Dashboard stats requested by admin user 10 (jorge1)
INFO 2025-09-23 23:41:19,551 views 820302 139862590092992 Dashboard stats requested by admin user 10 (jorge1)
INFO 2025-09-23 23:52:06,343 views 820302 139862590092992 User 10 accessed profile
INFO 2025-09-23 23:52:06,541 views 820302 139862590092992 User 10 accessed profile
INFO 2025-09-23 23:52:09,921 views 820302 139862581700288 Dashboard stats requested by admin user 10 (jorge1)
INFO 2025-09-23 23:52:10,082 views 820302 139862590092992 Dashboard stats requested by admin user 10 (jorge1)
INFO 2025-09-24 13:27:09,460 views 1328289 140710170851008 User 15 accessed profile
INFO 2025-09-24 13:27:16,141 views 1328289 140710170851008 Dashboard stats requested by admin user 15 (testuser)
INFO 2025-09-24 13:27:26,462 views 1328289 140710170851008 User 10 accessed profile
INFO 2025-09-24 13:27:26,504 views 1328289 140710170851008 User 10 accessed profile
INFO 2025-09-24 13:27:32,427 views 1328289 140710149879488 Dashboard stats requested by admin user 10 (jorge1)
INFO 2025-09-24 13:27:32,527 views 1328289 140710170851008 Dashboard stats requested by admin user 10 (jorge1)
INFO 2025-09-24 13:59:31,676 views 1328289 140710141486784 User 10 accessed profile
INFO 2025-09-24 13:59:31,702 views 1328289 140710141486784 User 10 accessed profile
INFO 2025-09-24 14:29:52,364 views 1407338 139769031947968 Dashboard stats requested by admin user 10 (jorge1)
INFO 2025-09-24 14:29:52,538 views 1407338 139769002583744 Dashboard stats requested by admin user 10 (jorge1)
INFO 2025-09-24 15:12:57,939 views 1407338 139768981952192 User 10 accessed profile
INFO 2025-09-24 15:12:58,162 views 1407338 139769002583744 User 10 accessed profile
INFO 2025-09-24 15:13:00,473 views 1407338 139768994191040 Dashboard stats requested by admin user 10 (jorge1)
INFO 2025-09-24 15:13:00,677 views 1407338 139768981952192 Dashboard stats requested by admin user 10 (jorge1)
INFO 2025-09-24 15:14:21,144 views 1407338 139768981952192 User 10 accessed profile
INFO 2025-09-24 15:14:21,277 views 1407338 139768981952192 User 10 accessed profile
INFO 2025-09-24 15:45:23,322 views 1407338 139768981952192 Dashboard stats requested by admin user 10 (jorge1)
INFO 2025-09-24 15:45:23,469 views 1407338 139769002583744 Dashboard stats requested by admin user 10 (jorge1)
INFO 2025-09-24 15:46:16,942 views 1407338 139768981952192 User 10 accessed profile
INFO 2025-09-24 15:46:17,106 views 1407338 139768981952192 User 10 accessed profile
INFO 2025-09-24 15:56:07,076 views 1407338 139768637683392 Dashboard stats requested by admin user 10 (jorge1)
INFO 2025-09-24 15:56:07,237 views 1407338 139768981952192 Dashboard stats requested by admin user 10 (jorge1)
INFO 2025-09-24 15:56:30,827 views 1407338 139768637683392 Dashboard stats requested by admin user 10 (jorge1)
INFO 2025-09-24 15:56:30,988 views 1407338 139768981952192 Dashboard stats requested by admin user 10 (jorge1)
INFO 2025-09-24 15:56:52,453 views 1407338 139768981952192 Dashboard stats requested by admin user 10 (jorge1)
INFO 2025-09-24 15:56:52,614 views 1407338 139769002583744 Dashboard stats requested by admin user 10 (jorge1)
INFO 2025-09-24 16:44:28,896 views 1487938 140445728368320 Dashboard stats requested by admin user 10 (jorge1)
INFO 2025-09-24 16:44:29,001 views 1487938 140445736761024 Dashboard stats requested by admin user 10 (jorge1)
INFO 2025-09-24 16:44:35,167 views 1487938 140445757728448 Dashboard stats requested by admin user 10 (jorge1)
INFO 2025-09-24 16:44:35,256 views 1487938 140445728368320 Dashboard stats requested by admin user 10 (jorge1)
INFO 2026-01-16 10:21:22,561 views 329353 139939173877440 Dashboard stats requested by admin user 9 (jorge)
INFO 2026-01-16 10:21:22,616 views 329353 139939173877440 Dashboard stats requested by admin user 9 (jorge)
INFO 2026-01-16 10:26:44,700 views 329353 139938951587520 User 9 accessed profile
INFO 2026-01-16 10:26:44,761 views 329353 139938951587520 User 9 accessed profile
INFO 2026-01-16 10:26:47,738 views 329353 139939316184768 Dashboard stats requested by admin user 9 (jorge)
INFO 2026-01-16 10:26:47,826 views 329353 139938943194816 Dashboard stats requested by admin user 9 (jorge)
INFO 2026-01-16 10:30:17,699 views 329353 139938934802112 User 9 accessed profile
INFO 2026-01-16 10:30:17,747 views 329353 139938934802112 User 9 accessed profile
INFO 2026-01-16 10:30:21,255 views 329353 139938926409408 Dashboard stats requested by admin user 9 (jorge)
INFO 2026-01-16 10:30:21,355 views 329353 139938926409408 Dashboard stats requested by admin user 9 (jorge)
INFO 2026-01-16 13:12:14,289 views 329353 139938951587520 User 9 accessed profile
INFO 2026-01-16 13:12:14,386 views 329353 139938951587520 User 9 accessed profile
INFO 2026-01-16 13:16:19,398 views 329353 139938951587520 User 9 accessed profile
INFO 2026-01-16 13:16:19,498 views 329353 139938951587520 User 9 accessed profile
INFO 2026-01-16 13:18:43,189 views 329353 139938951587520 Dashboard stats requested by admin user 9 (jorge)
INFO 2026-01-16 13:18:43,251 views 329353 139938951587520 Dashboard stats requested by admin user 9 (jorge)
INFO 2026-01-16 13:18:49,753 views 329353 139938926409408 Dashboard stats requested by admin user 9 (jorge)
INFO 2026-01-16 13:18:49,824 views 329353 139938934802112 Dashboard stats requested by admin user 9 (jorge)
INFO 2026-01-16 13:19:05,351 views 329353 139938934802112 Dashboard stats requested by admin user 9 (jorge)
INFO 2026-01-16 13:19:05,422 views 329353 139938934802112 Dashboard stats requested by admin user 9 (jorge)
INFO 2026-01-16 13:20:14,154 views 329353 139938926409408 Dashboard stats requested by admin user 9 (jorge)
INFO 2026-01-16 13:20:14,374 views 329353 139938926409408 Dashboard stats requested by admin user 9 (jorge)
INFO 2026-01-16 13:43:07,981 views 329353 139938926409408 User 9 accessed profile
INFO 2026-01-16 13:43:08,109 views 329353 139938926409408 User 9 accessed profile
INFO 2026-01-16 13:43:24,778 views 329353 139938926409408 Dashboard stats requested by admin user 9 (jorge)
INFO 2026-01-16 13:43:24,858 views 329353 139938918016704 Dashboard stats requested by admin user 9 (jorge)
INFO 2026-01-16 13:45:56,496 views 329353 139938934802112 Dashboard stats requested by admin user 9 (jorge)
INFO 2026-01-16 13:45:56,566 views 329353 139938934802112 Dashboard stats requested by admin user 9 (jorge)
INFO 2026-01-16 13:52:23,569 views 329353 139938934802112 User 9 accessed profile
INFO 2026-01-16 13:52:23,644 views 329353 139938918016704 User 9 accessed profile
INFO 2026-01-16 14:06:15,269 views 329353 139938918016704 User 9 accessed profile
INFO 2026-01-16 14:06:15,303 views 329353 139938934802112 User 9 accessed profile
INFO 2026-01-16 14:07:00,766 views 329353 139938934802112 User 9 accessed profile
INFO 2026-01-16 14:07:00,811 views 329353 139938934802112 User 9 accessed profile
INFO 2026-01-16 14:07:03,944 views 329353 139938926409408 Dashboard stats requested by admin user 9 (jorge)
INFO 2026-01-16 14:07:03,995 views 329353 139938926409408 Dashboard stats requested by admin user 9 (jorge)
INFO 2026-01-16 14:07:16,770 views 329353 139938934802112 Dashboard stats requested by admin user 9 (jorge)
INFO 2026-01-16 14:07:16,856 views 329353 139938918016704 Dashboard stats requested by admin user 9 (jorge)
INFO 2026-01-16 14:24:29,558 views 329353 139938918016704 User 9 accessed profile
INFO 2026-01-16 14:24:29,701 views 329353 139938926409408 User 9 accessed profile
INFO 2026-01-16 14:25:50,975 views 329353 139938926409408 Dashboard stats requested by admin user 9 (jorge)
INFO 2026-01-16 14:25:51,116 views 329353 139938926409408 Dashboard stats requested by admin user 9 (jorge)
INFO 2026-01-16 14:27:05,130 views 329353 139938951587520 User 9 accessed profile
INFO 2026-01-16 14:27:05,240 views 329353 139938951587520 User 9 accessed profile
INFO 2026-01-16 14:27:14,457 views 329353 139938943194816 Dashboard stats requested by admin user 9 (jorge)
INFO 2026-01-16 14:27:14,697 views 329353 139938959980224 Dashboard stats requested by admin user 9 (jorge)
INFO 2026-01-16 14:28:32,001 views 329353 139938959980224 User 9 accessed profile
INFO 2026-01-16 14:28:32,062 views 329353 139938959980224 User 9 accessed profile
INFO 2026-01-16 14:28:41,502 views 329353 139938951587520 Dashboard stats requested by admin user 9 (jorge)
INFO 2026-01-16 14:28:41,619 views 329353 139938951587520 Dashboard stats requested by admin user 9 (jorge)
INFO 2026-01-16 14:37:28,075 views 346042 139856542648000 User 9 accessed profile
INFO 2026-01-16 14:37:28,110 views 346042 139856542648000 User 9 accessed profile
INFO 2026-01-16 14:50:30,676 views 346042 139856542648000 Dashboard stats requested by admin user 9 (jorge)
INFO 2026-01-16 14:50:30,807 views 346042 139856542648000 Dashboard stats requested by admin user 9 (jorge)
INFO 2026-01-16 17:44:57,142 views 346042 139856399292096 User 9 accessed profile
INFO 2026-01-16 17:44:57,191 views 346042 139856399292096 User 9 accessed profile
INFO 2026-01-16 17:45:11,406 views 346042 139856399292096 Dashboard stats requested by admin user 9 (jorge)
INFO 2026-01-16 17:45:11,470 views 346042 139856542648000 Dashboard stats requested by admin user 9 (jorge)
INFO 2026-01-16 17:55:32,956 views 350786 139983310894784 User 9 accessed profile
INFO 2026-01-16 17:55:32,995 views 350786 139983310894784 User 9 accessed profile
INFO 2026-01-16 18:16:03,372 views 353053 140332805117632 Dashboard stats requested by admin user 9 (jorge)
INFO 2026-01-16 18:16:03,434 views 353053 140332805117632 Dashboard stats requested by admin user 9 (jorge)
INFO 2026-01-16 19:27:17,033 views 353053 140332821903040 User 9 accessed profile
INFO 2026-01-16 19:27:17,110 views 353053 140332821903040 User 9 accessed profile
INFO 2026-01-16 19:27:32,950 views 353053 140332805117632 User 9 accessed profile
INFO 2026-01-16 19:27:32,991 views 353053 140332805117632 User 9 accessed profile
INFO 2026-01-16 19:27:35,979 views 353053 140332821903040 Dashboard stats requested by admin user 9 (jorge)
INFO 2026-01-16 19:27:36,067 views 353053 140332813510336 Dashboard stats requested by admin user 9 (jorge)
INFO 2026-01-16 19:29:31,413 views 361662 140607512114880 User 9 accessed profile
INFO 2026-01-16 19:29:31,467 views 361662 140607512114880 User 9 accessed profile
INFO 2026-01-16 19:29:35,712 views 361662 140607414589120 User 9 accessed profile
INFO 2026-01-16 19:29:35,721 views 361662 140607512114880 User 9 accessed profile
INFO 2026-01-16 19:53:59,391 views 363698 140719792580288 Dashboard stats requested by admin user 9 (jorge)
INFO 2026-01-16 19:53:59,492 views 363698 140719784187584 Dashboard stats requested by admin user 9 (jorge)
INFO 2026-01-16 19:56:53,108 views 363698 140719792580288 User 9 accessed profile
INFO 2026-01-16 19:56:53,217 views 363698 140719792580288 User 9 accessed profile
INFO 2026-01-16 19:58:38,318 views 365396 139683354592960 User 9 accessed profile
INFO 2026-01-16 19:58:38,355 views 365396 139683354592960 User 9 accessed profile
INFO 2026-01-16 20:02:48,195 views 365396 139683354592960 User 9 accessed profile
INFO 2026-01-16 20:02:48,275 views 365396 139683354592960 User 9 accessed profile
INFO 2026-01-16 20:04:37,294 views 365396 139683220674240 User 9 accessed profile
INFO 2026-01-16 20:04:37,355 views 365396 139683220674240 User 9 accessed profile
INFO 2026-01-16 20:07:23,206 views 365396 139683124205248 Dashboard stats requested by admin user 9 (jorge)
INFO 2026-01-16 20:07:23,281 views 365396 139683124205248 Dashboard stats requested by admin user 9 (jorge)
INFO 2026-01-16 20:39:20,913 views 365396 139683220674240 User 9 accessed profile
INFO 2026-01-16 20:39:20,940 views 365396 139683220674240 User 9 accessed profile
INFO 2026-01-16 20:39:27,809 views 365396 139683220674240 Dashboard stats requested by admin user 9 (jorge)
INFO 2026-01-16 20:39:27,900 views 365396 139683124205248 Dashboard stats requested by admin user 9 (jorge)
INFO 2026-01-16 20:42:41,824 views 365396 139683124205248 User 9 accessed profile
INFO 2026-01-16 20:42:41,868 views 365396 139683124205248 User 9 accessed profile
INFO 2026-01-16 20:43:04,924 views 365396 139683354592960 Dashboard stats requested by admin user 9 (jorge)
INFO 2026-01-16 20:43:04,971 views 365396 139683354592960 Dashboard stats requested by admin user 9 (jorge)
INFO 2026-01-16 20:43:13,348 views 365396 139683229066944 Dashboard stats requested by admin user 9 (jorge)
INFO 2026-01-16 20:43:13,400 views 365396 139683229066944 Dashboard stats requested by admin user 9 (jorge)
INFO 2026-01-16 20:50:46,720 views 365396 139683229066944 User 9 accessed profile
INFO 2026-01-16 20:50:46,723 views 365396 139683354592960 User 9 accessed profile
INFO 2026-01-16 20:50:53,866 views 365396 139683354592960 Dashboard stats requested by admin user 9 (jorge)
INFO 2026-01-16 20:50:54,148 views 365396 139683237459648 Dashboard stats requested by admin user 9 (jorge)
INFO 2026-01-16 21:22:10,556 views 365396 139683140990656 User 9 accessed profile
INFO 2026-01-16 21:22:10,548 views 365396 139683219625664 User 9 accessed profile
INFO 2026-01-16 21:26:43,529 views 365396 139683140990656 Dashboard stats requested by admin user 9 (jorge)
INFO 2026-01-16 21:26:43,898 views 365396 139683219625664 Dashboard stats requested by admin user 9 (jorge)
INFO 2026-01-16 21:34:52,745 views 365396 139683219625664 User 9 accessed profile
INFO 2026-01-16 21:34:52,910 views 365396 139683219625664 User 9 accessed profile
INFO 2026-01-16 21:35:06,598 views 365396 139683354592960 Dashboard stats requested by admin user 9 (jorge)
INFO 2026-01-16 21:35:06,994 views 365396 139683219625664 Dashboard stats requested by admin user 9 (jorge)
INFO 2026-01-16 21:38:48,368 views 365396 139683354592960 User 9 accessed profile
INFO 2026-01-16 21:38:48,606 views 365396 139683354592960 User 9 accessed profile
INFO 2026-01-16 21:38:57,881 views 365396 139683354592960 Dashboard stats requested by admin user 9 (jorge)
INFO 2026-01-16 21:38:58,568 views 365396 139683140990656 Dashboard stats requested by admin user 9 (jorge)
INFO 2026-01-16 22:06:23,764 views 375030 140043171514048 User 9 accessed profile
INFO 2026-01-16 22:06:23,800 views 375030 140043171514048 User 9 accessed profile
INFO 2026-01-16 22:06:30,468 views 375030 140043171514048 User 9 accessed profile
INFO 2026-01-16 22:06:30,503 views 375030 140043171514048 User 9 accessed profile
INFO 2026-01-16 22:06:37,336 views 375030 140043171514048 Dashboard stats requested by admin user 9 (jorge)
INFO 2026-01-16 22:06:37,424 views 375030 140043037435584 Dashboard stats requested by admin user 9 (jorge)
INFO 2026-01-16 22:48:15,167 views 380064 139902771525312 User 9 accessed profile
INFO 2026-01-16 22:48:15,169 views 380064 139902887212736 User 9 accessed profile
INFO 2026-01-16 22:48:15,229 views 380064 139902771525312 User 9 accessed profile
INFO 2026-01-16 22:48:15,293 views 380064 139902887212736 User 9 accessed profile
INFO 2026-01-16 22:48:22,179 views 380064 139902746347200 Dashboard stats requested by admin user 9 (jorge)
INFO 2026-01-16 22:48:22,245 views 380064 139902754739904 Dashboard stats requested by admin user 9 (jorge)
INFO 2026-01-16 22:57:35,586 views 380064 139902771525312 Dashboard stats requested by admin user 9 (jorge)
INFO 2026-01-16 22:57:35,714 views 380064 139902771525312 Dashboard stats requested by admin user 9 (jorge)
INFO 2026-01-16 23:32:49,489 views 380064 139902771525312 User 22 accessed profile
INFO 2026-01-16 23:41:27,236 views 392167 139794402588352 User 26 accessed profile
INFO 2026-01-16 23:42:59,417 views 392887 139970910828224 User 9 accessed profile
INFO 2026-01-16 23:42:59,455 views 392887 139970910828224 User 9 accessed profile
INFO 2026-01-16 23:43:02,051 views 392887 139970861856448 User 29 accessed profile
INFO 2026-01-16 23:44:58,921 views 393756 140574212179648 User 30 accessed profile
INFO 2026-01-16 23:49:11,641 views 394260 140643892455104 Dashboard stats requested by admin user 9 (jorge)
INFO 2026-01-16 23:49:11,711 views 394260 140643900847808 Dashboard stats requested by admin user 9 (jorge)
INFO 2026-01-16 23:49:40,439 views 394260 140643892455104 Dashboard stats requested by admin user 9 (jorge)
INFO 2026-01-16 23:49:40,533 views 394260 140643892455104 Dashboard stats requested by admin user 9 (jorge)
INFO 2026-01-16 23:51:19,923 views 394260 140643900847808 User 9 accessed profile
INFO 2026-01-16 23:51:19,973 views 394260 140643900847808 User 9 accessed profile
INFO 2026-01-16 23:51:39,859 views 394260 140643948574400 User 9 accessed profile
INFO 2026-01-16 23:51:39,914 views 394260 140643948574400 User 9 accessed profile
INFO 2026-01-16 23:51:54,758 views 394260 140643884062400 Dashboard stats requested by admin user 9 (jorge)
INFO 2026-01-16 23:51:54,886 views 394260 140643948574400 Dashboard stats requested by admin user 9 (jorge)
INFO 2026-01-16 23:52:27,077 views 394260 140643884062400 Dashboard stats requested by admin user 9 (jorge)
INFO 2026-01-16 23:52:27,179 views 394260 140643884062400 Dashboard stats requested by admin user 9 (jorge)
INFO 2026-01-16 23:55:32,225 views 394260 140643884062400 User 9 accessed profile
INFO 2026-01-16 23:55:32,297 views 394260 140643884062400 User 9 accessed profile
INFO 2026-01-16 23:56:21,753 views 394260 140643948574400 Dashboard stats requested by admin user 9 (jorge)
INFO 2026-01-16 23:56:21,847 views 394260 140643948574400 Dashboard stats requested by admin user 9 (jorge)
