
> frontend@0.0.0 dev
> vite --port 5174

10:37:13 a. m. [vite] (client) Re-optimizing dependencies because lockfile has changed

  VITE v7.1.6  ready in 2080 ms

  ➜  Local:   http://localhost:5174/
  ➜  Network: use --host to expose
11:17:51 a. m. [vite] (client) hmr update /src/App.jsx, /src/index.css, /src/components/UniversityMenu.css
11:17:52 a. m. [vite] (client) hmr update /src/App.jsx, /src/index.css, /src/components/UniversityMenu.css
12:15:11 p. m. [vite] (client) hmr update /src/components/UniversityMenu.jsx, /src/index.css, /src/components/UniversityMenu.css
12:15:12 p. m. [vite] (client) hmr update /src/components/UniversityMenu.jsx, /src/index.css, /src/components/UniversityMenu.css
12:44:05 p. m. [vite] (client) hmr update /src/App.jsx, /src/index.css, /src/components/UniversityMenu.css
12:44:05 p. m. [vite] (client) hmr update /src/App.jsx, /src/index.css, /src/components/UniversityMenu.css
12:44:05 p. m. [vite] Internal server error: Failed to resolve import "./context/AuthContext" from "src/hooks/useWebSocket.js". Does the file exist?
  Plugin: vite:import-analysis
  File: /home/jorge/pagina web nueva ifap dos/frontend/src/hooks/useWebSocket.js:2:25
  1  |  import { useEffect, useState, useRef } from 'react';
  2  |  import { useAuth } from './context/AuthContext'; // Assuming you have an AuthContext
     |                           ^
  3  |  
  4  |  const useWebSocket = () => {
      at TransformPluginContext._formatLog (file:///home/jorge/pagina%20web%20nueva%20ifap%20dos/frontend/node_modules/vite/dist/node/chunks/dep-D5b0Zz6C.js:31185:43)
      at TransformPluginContext.error (file:///home/jorge/pagina%20web%20nueva%20ifap%20dos/frontend/node_modules/vite/dist/node/chunks/dep-D5b0Zz6C.js:31182:14)
      at normalizeUrl (file:///home/jorge/pagina%20web%20nueva%20ifap%20dos/frontend/node_modules/vite/dist/node/chunks/dep-D5b0Zz6C.js:29665:18)
      at async file:///home/jorge/pagina%20web%20nueva%20ifap%20dos/frontend/node_modules/vite/dist/node/chunks/dep-D5b0Zz6C.js:29723:32
      at async Promise.all (index 1)
      at async TransformPluginContext.transform (file:///home/jorge/pagina%20web%20nueva%20ifap%20dos/frontend/node_modules/vite/dist/node/chunks/dep-D5b0Zz6C.js:29691:4)
      at async EnvironmentPluginContainer.transform (file:///home/jorge/pagina%20web%20nueva%20ifap%20dos/frontend/node_modules/vite/dist/node/chunks/dep-D5b0Zz6C.js:30984:14)
      at async loadAndTransform (file:///home/jorge/pagina%20web%20nueva%20ifap%20dos/frontend/node_modules/vite/dist/node/chunks/dep-D5b0Zz6C.js:26116:26)
12:44:05 p. m. [vite] (client) Pre-transform error: Failed to resolve import "./context/AuthContext" from "src/hooks/useWebSocket.js". Does the file exist?
  Plugin: vite:import-analysis
  File: /home/jorge/pagina web nueva ifap dos/frontend/src/hooks/useWebSocket.js:2:25
  1  |  import { useEffect, useState, useRef } from 'react';
  2  |  import { useAuth } from './context/AuthContext'; // Assuming you have an AuthContext
     |                           ^
  3  |  
  4  |  const useWebSocket = () => {
12:44:06 p. m. [vite] (client) Pre-transform error: Failed to resolve import "./context/AuthContext" from "src/hooks/useWebSocket.js". Does the file exist?
  Plugin: vite:import-analysis
  File: /home/jorge/pagina web nueva ifap dos/frontend/src/hooks/useWebSocket.js:2:25
  1  |  import { useEffect, useState, useRef } from 'react';
  2  |  import { useAuth } from './context/AuthContext'; // Assuming you have an AuthContext
     |                           ^
  3  |  
  4  |  const useWebSocket = () => {
12:44:08 p. m. [vite] (client) hmr update /src/App.jsx, /src/index.css, /src/components/UniversityMenu.css
12:44:08 p. m. [vite] (client) hmr update /src/App.jsx, /src/index.css, /src/components/UniversityMenu.css
12:44:08 p. m. [vite] (client) Pre-transform error: Failed to resolve import "./context/AuthContext" from "src/hooks/useWebSocket.js". Does the file exist?
  Plugin: vite:import-analysis
  File: /home/jorge/pagina web nueva ifap dos/frontend/src/hooks/useWebSocket.js:2:25
  1  |  import { useEffect, useState, useRef } from 'react';
  2  |  import { useAuth } from './context/AuthContext'; // Assuming you have an AuthContext
     |                           ^
  3  |  
  4  |  const useWebSocket = () => {
12:44:09 p. m. [vite] (client) Pre-transform error: Failed to resolve import "./context/AuthContext" from "src/hooks/useWebSocket.js". Does the file exist?
  Plugin: vite:import-analysis
  File: /home/jorge/pagina web nueva ifap dos/frontend/src/hooks/useWebSocket.js:2:25
  1  |  import { useEffect, useState, useRef } from 'react';
  2  |  import { useAuth } from './context/AuthContext'; // Assuming you have an AuthContext
     |                           ^
  3  |  
  4  |  const useWebSocket = () => {
12:44:13 p. m. [vite] (client) hmr update /src/App.jsx
12:44:13 p. m. [vite] (client) Pre-transform error: Failed to resolve import "./context/AuthContext" from "src/hooks/useWebSocket.js". Does the file exist?
  Plugin: vite:import-analysis
  File: /home/jorge/pagina web nueva ifap dos/frontend/src/hooks/useWebSocket.js:2:25
  1  |  import { useEffect, useState, useRef } from 'react';
  2  |  import { useAuth } from './context/AuthContext'; // Assuming you have an AuthContext
     |                           ^
  3  |  
  4  |  const useWebSocket = () => {
12:44:13 p. m. [vite] Internal server error: Failed to resolve import "./context/AuthContext" from "src/hooks/useWebSocket.js". Does the file exist?
  Plugin: vite:import-analysis
  File: /home/jorge/pagina web nueva ifap dos/frontend/src/hooks/useWebSocket.js:2:25
  1  |  import { useEffect, useState, useRef } from 'react';
  2  |  import { useAuth } from './context/AuthContext'; // Assuming you have an AuthContext
     |                           ^
  3  |  
  4  |  const useWebSocket = () => {
      at TransformPluginContext._formatLog (file:///home/jorge/pagina%20web%20nueva%20ifap%20dos/frontend/node_modules/vite/dist/node/chunks/dep-D5b0Zz6C.js:31185:43)
      at TransformPluginContext.error (file:///home/jorge/pagina%20web%20nueva%20ifap%20dos/frontend/node_modules/vite/dist/node/chunks/dep-D5b0Zz6C.js:31182:14)
      at normalizeUrl (file:///home/jorge/pagina%20web%20nueva%20ifap%20dos/frontend/node_modules/vite/dist/node/chunks/dep-D5b0Zz6C.js:29665:18)
      at async file:///home/jorge/pagina%20web%20nueva%20ifap%20dos/frontend/node_modules/vite/dist/node/chunks/dep-D5b0Zz6C.js:29723:32
      at async Promise.all (index 1)
      at async TransformPluginContext.transform (file:///home/jorge/pagina%20web%20nueva%20ifap%20dos/frontend/node_modules/vite/dist/node/chunks/dep-D5b0Zz6C.js:29691:4)
      at async EnvironmentPluginContainer.transform (file:///home/jorge/pagina%20web%20nueva%20ifap%20dos/frontend/node_modules/vite/dist/node/chunks/dep-D5b0Zz6C.js:30984:14)
      at async loadAndTransform (file:///home/jorge/pagina%20web%20nueva%20ifap%20dos/frontend/node_modules/vite/dist/node/chunks/dep-D5b0Zz6C.js:26116:26)
      at async viteTransformMiddleware (file:///home/jorge/pagina%20web%20nueva%20ifap%20dos/frontend/node_modules/vite/dist/node/chunks/dep-D5b0Zz6C.js:27187:20)
12:44:16 p. m. [vite] (client) hmr update /src/App.jsx
12:44:16 p. m. [vite] (client) Pre-transform error: Failed to resolve import "./context/AuthContext" from "src/hooks/useWebSocket.js". Does the file exist?
  Plugin: vite:import-analysis
  File: /home/jorge/pagina web nueva ifap dos/frontend/src/hooks/useWebSocket.js:2:25
  1  |  import { useEffect, useState, useRef } from 'react';
  2  |  import { useAuth } from './context/AuthContext'; // Assuming you have an AuthContext
     |                           ^
  3  |  
  4  |  const useWebSocket = () => {
12:44:16 p. m. [vite] Internal server error: Failed to resolve import "./context/AuthContext" from "src/hooks/useWebSocket.js". Does the file exist?
  Plugin: vite:import-analysis
  File: /home/jorge/pagina web nueva ifap dos/frontend/src/hooks/useWebSocket.js:2:25
  1  |  import { useEffect, useState, useRef } from 'react';
  2  |  import { useAuth } from './context/AuthContext'; // Assuming you have an AuthContext
     |                           ^
  3  |  
  4  |  const useWebSocket = () => {
      at TransformPluginContext._formatLog (file:///home/jorge/pagina%20web%20nueva%20ifap%20dos/frontend/node_modules/vite/dist/node/chunks/dep-D5b0Zz6C.js:31185:43)
      at TransformPluginContext.error (file:///home/jorge/pagina%20web%20nueva%20ifap%20dos/frontend/node_modules/vite/dist/node/chunks/dep-D5b0Zz6C.js:31182:14)
      at normalizeUrl (file:///home/jorge/pagina%20web%20nueva%20ifap%20dos/frontend/node_modules/vite/dist/node/chunks/dep-D5b0Zz6C.js:29665:18)
      at async file:///home/jorge/pagina%20web%20nueva%20ifap%20dos/frontend/node_modules/vite/dist/node/chunks/dep-D5b0Zz6C.js:29723:32
      at async Promise.all (index 1)
      at async TransformPluginContext.transform (file:///home/jorge/pagina%20web%20nueva%20ifap%20dos/frontend/node_modules/vite/dist/node/chunks/dep-D5b0Zz6C.js:29691:4)
      at async EnvironmentPluginContainer.transform (file:///home/jorge/pagina%20web%20nueva%20ifap%20dos/frontend/node_modules/vite/dist/node/chunks/dep-D5b0Zz6C.js:30984:14)
      at async loadAndTransform (file:///home/jorge/pagina%20web%20nueva%20ifap%20dos/frontend/node_modules/vite/dist/node/chunks/dep-D5b0Zz6C.js:26116:26)
      at async viteTransformMiddleware (file:///home/jorge/pagina%20web%20nueva%20ifap%20dos/frontend/node_modules/vite/dist/node/chunks/dep-D5b0Zz6C.js:27187:20)
12:44:22 p. m. [vite] (client) hmr update /src/pages/NotificacionesAulaVirtual.jsx, /src/index.css, /src/components/UniversityMenu.css
12:44:22 p. m. [vite] (client) hmr update /src/pages/NotificacionesAulaVirtual.jsx, /src/index.css, /src/components/UniversityMenu.css
12:44:22 p. m. [vite] (client) Pre-transform error: Failed to resolve import "./context/AuthContext" from "src/hooks/useWebSocket.js". Does the file exist?
  Plugin: vite:import-analysis
  File: /home/jorge/pagina web nueva ifap dos/frontend/src/hooks/useWebSocket.js:2:25
  1  |  import { useEffect, useState, useRef } from 'react';
  2  |  import { useAuth } from './context/AuthContext'; // Assuming you have an AuthContext
     |                           ^
  3  |  
  4  |  const useWebSocket = () => {
12:44:23 p. m. [vite] (client) Pre-transform error: Failed to resolve import "./context/AuthContext" from "src/hooks/useWebSocket.js". Does the file exist?
  Plugin: vite:import-analysis
  File: /home/jorge/pagina web nueva ifap dos/frontend/src/hooks/useWebSocket.js:2:25
  1  |  import { useEffect, useState, useRef } from 'react';
  2  |  import { useAuth } from './context/AuthContext'; // Assuming you have an AuthContext
     |                           ^
  3  |  
  4  |  const useWebSocket = () => {
12:44:29 p. m. [vite] (client) hmr update /src/pages/NotificacionesAulaVirtual.jsx, /src/index.css, /src/components/UniversityMenu.css
12:44:29 p. m. [vite] (client) Pre-transform error: Failed to resolve import "./context/AuthContext" from "src/hooks/useWebSocket.js". Does the file exist?
  Plugin: vite:import-analysis
  File: /home/jorge/pagina web nueva ifap dos/frontend/src/hooks/useWebSocket.js:2:25
  1  |  import { useEffect, useState, useRef } from 'react';
  2  |  import { useAuth } from './context/AuthContext'; // Assuming you have an AuthContext
     |                           ^
  3  |  
  4  |  const useWebSocket = () => {
12:44:30 p. m. [vite] (client) hmr update /src/pages/NotificacionesAulaVirtual.jsx, /src/index.css, /src/components/UniversityMenu.css
12:44:30 p. m. [vite] (client) Pre-transform error: Failed to resolve import "./context/AuthContext" from "src/hooks/useWebSocket.js". Does the file exist?
  Plugin: vite:import-analysis
  File: /home/jorge/pagina web nueva ifap dos/frontend/src/hooks/useWebSocket.js:2:25
  1  |  import { useEffect, useState, useRef } from 'react';
  2  |  import { useAuth } from './context/AuthContext'; // Assuming you have an AuthContext
     |                           ^
  3  |  
  4  |  const useWebSocket = () => {
12:44:33 p. m. [vite] (client) hmr update /src/pages/NotificacionesAulaVirtual.jsx, /src/index.css, /src/components/UniversityMenu.css
12:44:33 p. m. [vite] (client) hmr update /src/pages/NotificacionesAulaVirtual.jsx, /src/index.css, /src/components/UniversityMenu.css
12:44:33 p. m. [vite] (client) Pre-transform error: Failed to resolve import "./context/AuthContext" from "src/hooks/useWebSocket.js". Does the file exist?
  Plugin: vite:import-analysis
  File: /home/jorge/pagina web nueva ifap dos/frontend/src/hooks/useWebSocket.js:2:25
  1  |  import { useEffect, useState, useRef } from 'react';
  2  |  import { useAuth } from './context/AuthContext'; // Assuming you have an AuthContext
     |                           ^
  3  |  
  4  |  const useWebSocket = () => {
12:44:34 p. m. [vite] (client) Pre-transform error: Failed to resolve import "./context/AuthContext" from "src/hooks/useWebSocket.js". Does the file exist?
  Plugin: vite:import-analysis
  File: /home/jorge/pagina web nueva ifap dos/frontend/src/hooks/useWebSocket.js:2:25
  1  |  import { useEffect, useState, useRef } from 'react';
  2  |  import { useAuth } from './context/AuthContext'; // Assuming you have an AuthContext
     |                           ^
  3  |  
  4  |  const useWebSocket = () => {
12:44:39 p. m. [vite] (client) hmr update /src/pages/NotificacionesAulaVirtual.jsx, /src/index.css, /src/components/UniversityMenu.css
12:44:40 p. m. [vite] (client) hmr update /src/pages/NotificacionesAulaVirtual.jsx, /src/index.css, /src/components/UniversityMenu.css
12:44:40 p. m. [vite] (client) Pre-transform error: Failed to resolve import "./context/AuthContext" from "src/hooks/useWebSocket.js". Does the file exist?
  Plugin: vite:import-analysis
  File: /home/jorge/pagina web nueva ifap dos/frontend/src/hooks/useWebSocket.js:2:25
  1  |  import { useEffect, useState, useRef } from 'react';
  2  |  import { useAuth } from './context/AuthContext'; // Assuming you have an AuthContext
     |                           ^
  3  |  
  4  |  const useWebSocket = () => {
12:44:40 p. m. [vite] (client) Pre-transform error: Failed to resolve import "./context/AuthContext" from "src/hooks/useWebSocket.js". Does the file exist?
  Plugin: vite:import-analysis
  File: /home/jorge/pagina web nueva ifap dos/frontend/src/hooks/useWebSocket.js:2:25
  1  |  import { useEffect, useState, useRef } from 'react';
  2  |  import { useAuth } from './context/AuthContext'; // Assuming you have an AuthContext
     |                           ^
  3  |  
  4  |  const useWebSocket = () => {
12:46:25 p. m. [vite] (client) Pre-transform error: Failed to resolve import "./context/AuthContext" from "src/hooks/useWebSocket.js". Does the file exist?
  Plugin: vite:import-analysis
  File: /home/jorge/pagina web nueva ifap dos/frontend/src/hooks/useWebSocket.js:2:25
  1  |  import { useEffect, useState, useRef } from 'react';
  2  |  import { useAuth } from './context/AuthContext'; // Assuming you have an AuthContext
     |                           ^
  3  |  
  4  |  const useWebSocket = () => {
12:46:53 p. m. [vite] (client) hmr update /src/App.jsx, /src/pages/NotificacionesAulaVirtual.jsx, /src/index.css, /src/components/UniversityMenu.css
12:46:53 p. m. [vite] (client) hmr update /src/App.jsx, /src/pages/NotificacionesAulaVirtual.jsx, /src/index.css, /src/components/UniversityMenu.css
1:13:34 p. m. [vite] (client) hmr update /src/App.jsx, /src/pages/NotificacionesAulaVirtual.jsx, /src/index.css, /src/components/UniversityMenu.css
1:13:34 p. m. [vite] (client) hmr update /src/App.jsx, /src/pages/NotificacionesAulaVirtual.jsx, /src/index.css, /src/components/UniversityMenu.css
